2020-06-08 10:30:00.490 [restartedMain] INFO  com.prescription.memory.MemoryApplication - Starting MemoryApplication on DESKTOP-TQ2T3C2 with PID 3568 (C:\Users\admin\Desktop\memory\target\classes started by admin in C:\Users\admin\Desktop\memory)
2020-06-08 10:30:00.492 [restartedMain] INFO  com.prescription.memory.MemoryApplication - The following profiles are active: dev
2020-06-08 10:30:00.551 [restartedMain] INFO  o.s.b.d.env.DevToolsPropertyDefaultsPostProcessor - Devtools property defaults active! Set 'spring.devtools.add-properties' to 'false' to disable
2020-06-08 10:30:00.551 [restartedMain] INFO  o.s.b.d.env.DevToolsPropertyDefaultsPostProcessor - For additional web related logging consider setting the 'logging.level.web' property to 'DEBUG'
2020-06-08 10:30:04.080 [restartedMain] INFO  o.s.d.r.config.RepositoryConfigurationDelegate - Multiple Spring Data modules found, entering strict repository configuration mode!
2020-06-08 10:30:04.082 [restartedMain] INFO  o.s.d.r.config.RepositoryConfigurationDelegate - Bootstrapping Spring Data Redis repositories in DEFAULT mode.
2020-06-08 10:30:04.197 [restartedMain] INFO  o.s.d.r.config.RepositoryConfigurationDelegate - Finished Spring Data repository scanning in 101ms. Found 0 Redis repository interfaces.
2020-06-08 10:30:05.099 [restartedMain] INFO  o.s.boot.web.embedded.tomcat.TomcatWebServer - Tomcat initialized with port(s): 8080 (http)
2020-06-08 10:30:05.108 [restartedMain] INFO  org.apache.coyote.http11.Http11NioProtocol - Initializing ProtocolHandler ["http-nio-8080"]
2020-06-08 10:30:05.108 [restartedMain] INFO  org.apache.catalina.core.StandardService - Starting service [Tomcat]
2020-06-08 10:30:05.108 [restartedMain] INFO  org.apache.catalina.core.StandardEngine - Starting Servlet engine: [Apache Tomcat/9.0.33]
2020-06-08 10:30:05.250 [restartedMain] INFO  o.a.c.core.ContainerBase.[Tomcat].[localhost].[/] - Initializing Spring embedded WebApplicationContext
2020-06-08 10:30:05.251 [restartedMain] INFO  org.springframework.web.context.ContextLoader - Root WebApplicationContext: initialization completed in 4700 ms
2020-06-08 10:30:08.179 [restartedMain] INFO  s.d.s.w.PropertySourcedRequestMappingHandlerMapping - Mapped URL path [/v2/api-docs] onto method [springfox.documentation.swagger2.web.Swagger2Controller#getDocumentation(String, HttpServletRequest)]
2020-06-08 10:30:08.284 [restartedMain] INFO  o.s.scheduling.concurrent.ThreadPoolTaskExecutor - Initializing ExecutorService 'applicationTaskExecutor'
2020-06-08 10:30:08.325 [restartedMain] INFO  o.s.b.d.autoconfigure.OptionalLiveReloadServer - LiveReload server is running on port 35729
2020-06-08 10:30:08.833 [restartedMain] INFO  s.d.s.web.plugins.DocumentationPluginsBootstrapper - Context refreshed
2020-06-08 10:30:08.859 [restartedMain] INFO  s.d.s.web.plugins.DocumentationPluginsBootstrapper - Found 1 custom documentation plugin(s)
2020-06-08 10:30:08.921 [restartedMain] INFO  s.d.spring.web.scanners.ApiListingReferenceScanner - Scanning for api listing references
2020-06-08 10:30:09.131 [restartedMain] INFO  s.d.s.w.r.operation.CachingOperationNameGenerator - Generating unique operation named: ConditionQueryUsingGET_1
2020-06-08 10:30:09.134 [restartedMain] INFO  s.d.s.w.r.operation.CachingOperationNameGenerator - Generating unique operation named: getAllUsingGET_1
2020-06-08 10:30:09.143 [restartedMain] INFO  s.d.s.w.r.operation.CachingOperationNameGenerator - Generating unique operation named: ConditionQueryUsingGET_2
2020-06-08 10:30:09.146 [restartedMain] INFO  s.d.s.w.r.operation.CachingOperationNameGenerator - Generating unique operation named: getAllUsingGET_2
2020-06-08 10:30:09.152 [restartedMain] INFO  s.d.s.w.r.operation.CachingOperationNameGenerator - Generating unique operation named: ConditionQueryUsingGET_3
2020-06-08 10:30:09.155 [restartedMain] INFO  s.d.s.w.r.operation.CachingOperationNameGenerator - Generating unique operation named: getAllUsingGET_3
2020-06-08 10:30:09.162 [restartedMain] INFO  s.d.s.w.r.operation.CachingOperationNameGenerator - Generating unique operation named: ConditionQueryUsingGET_4
2020-06-08 10:30:09.168 [restartedMain] INFO  s.d.s.w.r.operation.CachingOperationNameGenerator - Generating unique operation named: getAllUsingGET_4
2020-06-08 10:30:09.174 [restartedMain] INFO  s.d.s.w.r.operation.CachingOperationNameGenerator - Generating unique operation named: addDeptUsingPOST_1
2020-06-08 10:30:09.176 [restartedMain] INFO  s.d.s.w.r.operation.CachingOperationNameGenerator - Generating unique operation named: deleteDeptUsingDELETE_1
2020-06-08 10:30:09.177 [restartedMain] INFO  s.d.s.w.r.operation.CachingOperationNameGenerator - Generating unique operation named: getTreeUsingGET_1
2020-06-08 10:30:09.178 [restartedMain] INFO  s.d.s.w.r.operation.CachingOperationNameGenerator - Generating unique operation named: updateDeptUsingPUT_1
2020-06-08 10:30:09.180 [restartedMain] INFO  s.d.s.w.r.operation.CachingOperationNameGenerator - Generating unique operation named: ConditionQueryUsingGET_5
2020-06-08 10:30:09.183 [restartedMain] INFO  s.d.s.w.r.operation.CachingOperationNameGenerator - Generating unique operation named: getAllUsingGET_5
2020-06-08 10:30:09.188 [restartedMain] INFO  s.d.s.w.r.operation.CachingOperationNameGenerator - Generating unique operation named: ConditionQueryUsingGET_6
2020-06-08 10:30:09.190 [restartedMain] INFO  s.d.s.w.r.operation.CachingOperationNameGenerator - Generating unique operation named: getAllUsingGET_6
2020-06-08 10:30:09.199 [restartedMain] INFO  s.d.s.w.r.operation.CachingOperationNameGenerator - Generating unique operation named: ConditionQueryUsingGET_7
2020-06-08 10:30:09.201 [restartedMain] INFO  s.d.s.w.r.operation.CachingOperationNameGenerator - Generating unique operation named: getAllUsingGET_7
2020-06-08 10:30:09.207 [restartedMain] INFO  s.d.s.w.r.operation.CachingOperationNameGenerator - Generating unique operation named: ConditionQueryUsingGET_8
2020-06-08 10:30:09.209 [restartedMain] INFO  s.d.s.w.r.operation.CachingOperationNameGenerator - Generating unique operation named: getAllUsingGET_8
2020-06-08 10:30:09.215 [restartedMain] INFO  s.d.s.w.r.operation.CachingOperationNameGenerator - Generating unique operation named: ConditionQueryUsingGET_9
2020-06-08 10:30:09.217 [restartedMain] INFO  s.d.s.w.r.operation.CachingOperationNameGenerator - Generating unique operation named: getAllUsingGET_9
2020-06-08 10:30:09.223 [restartedMain] INFO  s.d.s.w.r.operation.CachingOperationNameGenerator - Generating unique operation named: ConditionQueryUsingGET_10
2020-06-08 10:30:09.225 [restartedMain] INFO  s.d.s.w.r.operation.CachingOperationNameGenerator - Generating unique operation named: getAllUsingGET_10
2020-06-08 10:30:09.230 [restartedMain] INFO  s.d.s.w.r.operation.CachingOperationNameGenerator - Generating unique operation named: ConditionQueryUsingGET_11
2020-06-08 10:30:09.232 [restartedMain] INFO  s.d.s.w.r.operation.CachingOperationNameGenerator - Generating unique operation named: getAllUsingGET_11
2020-06-08 10:30:09.238 [restartedMain] INFO  s.d.s.w.r.operation.CachingOperationNameGenerator - Generating unique operation named: ConditionQueryUsingGET_12
2020-06-08 10:30:09.247 [restartedMain] INFO  s.d.s.w.r.operation.CachingOperationNameGenerator - Generating unique operation named: conditionQueryUsingGET_1
2020-06-08 10:30:09.250 [restartedMain] INFO  s.d.s.w.r.operation.CachingOperationNameGenerator - Generating unique operation named: ConditionQueryUsingGET_13
2020-06-08 10:30:09.260 [restartedMain] INFO  s.d.s.w.r.operation.CachingOperationNameGenerator - Generating unique operation named: ConditionQueryUsingGET_14
2020-06-08 10:30:09.262 [restartedMain] INFO  s.d.s.w.r.operation.CachingOperationNameGenerator - Generating unique operation named: conditionQueryUsingGET_2
2020-06-08 10:30:09.264 [restartedMain] INFO  s.d.s.w.r.operation.CachingOperationNameGenerator - Generating unique operation named: ConditionQueryUsingGET_15
2020-06-08 10:30:09.287 [restartedMain] INFO  org.apache.coyote.http11.Http11NioProtocol - Starting ProtocolHandler ["http-nio-8080"]
2020-06-08 10:30:09.309 [restartedMain] INFO  o.s.boot.web.embedded.tomcat.TomcatWebServer - Tomcat started on port(s): 8080 (http) with context path ''
2020-06-08 10:30:09.315 [restartedMain] INFO  com.prescription.memory.MemoryApplication - Started MemoryApplication in 9.823 seconds (JVM running for 12.699)
2020-06-08 10:39:01.890 [restartedMain] INFO  com.prescription.memory.MemoryApplication - Starting MemoryApplication on DESKTOP-TQ2T3C2 with PID 12708 (C:\Users\admin\Desktop\memory\target\classes started by admin in C:\Users\admin\Desktop\memory)
2020-06-08 10:39:01.894 [restartedMain] INFO  com.prescription.memory.MemoryApplication - The following profiles are active: prov
2020-06-08 10:39:01.982 [restartedMain] INFO  o.s.b.d.env.DevToolsPropertyDefaultsPostProcessor - Devtools property defaults active! Set 'spring.devtools.add-properties' to 'false' to disable
2020-06-08 10:39:01.983 [restartedMain] INFO  o.s.b.d.env.DevToolsPropertyDefaultsPostProcessor - For additional web related logging consider setting the 'logging.level.web' property to 'DEBUG'
2020-06-08 10:39:03.312 [restartedMain] INFO  o.s.d.r.config.RepositoryConfigurationDelegate - Multiple Spring Data modules found, entering strict repository configuration mode!
2020-06-08 10:39:03.314 [restartedMain] INFO  o.s.d.r.config.RepositoryConfigurationDelegate - Bootstrapping Spring Data Redis repositories in DEFAULT mode.
2020-06-08 10:39:03.431 [restartedMain] INFO  o.s.d.r.config.RepositoryConfigurationDelegate - Finished Spring Data repository scanning in 103ms. Found 0 Redis repository interfaces.
2020-06-08 10:39:04.149 [restartedMain] INFO  o.s.boot.web.embedded.tomcat.TomcatWebServer - Tomcat initialized with port(s): 8080 (http)
2020-06-08 10:39:04.159 [restartedMain] INFO  org.apache.coyote.http11.Http11NioProtocol - Initializing ProtocolHandler ["http-nio-8080"]
2020-06-08 10:39:04.160 [restartedMain] INFO  org.apache.catalina.core.StandardService - Starting service [Tomcat]
2020-06-08 10:39:04.160 [restartedMain] INFO  org.apache.catalina.core.StandardEngine - Starting Servlet engine: [Apache Tomcat/9.0.33]
2020-06-08 10:39:04.286 [restartedMain] INFO  o.a.c.core.ContainerBase.[Tomcat].[localhost].[/] - Initializing Spring embedded WebApplicationContext
2020-06-08 10:39:04.287 [restartedMain] INFO  org.springframework.web.context.ContextLoader - Root WebApplicationContext: initialization completed in 2304 ms
2020-06-08 10:39:06.977 [restartedMain] INFO  s.d.s.w.PropertySourcedRequestMappingHandlerMapping - Mapped URL path [/v2/api-docs] onto method [springfox.documentation.swagger2.web.Swagger2Controller#getDocumentation(String, HttpServletRequest)]
2020-06-08 10:39:07.081 [restartedMain] INFO  o.s.scheduling.concurrent.ThreadPoolTaskExecutor - Initializing ExecutorService 'applicationTaskExecutor'
2020-06-08 10:39:07.122 [restartedMain] INFO  o.s.b.d.autoconfigure.OptionalLiveReloadServer - LiveReload server is running on port 35729
2020-06-08 10:39:07.578 [restartedMain] INFO  s.d.s.web.plugins.DocumentationPluginsBootstrapper - Context refreshed
2020-06-08 10:39:07.589 [restartedMain] INFO  s.d.s.web.plugins.DocumentationPluginsBootstrapper - Found 1 custom documentation plugin(s)
2020-06-08 10:39:07.644 [restartedMain] INFO  s.d.spring.web.scanners.ApiListingReferenceScanner - Scanning for api listing references
2020-06-08 10:39:07.822 [restartedMain] INFO  s.d.s.w.r.operation.CachingOperationNameGenerator - Generating unique operation named: ConditionQueryUsingGET_1
2020-06-08 10:39:07.824 [restartedMain] INFO  s.d.s.w.r.operation.CachingOperationNameGenerator - Generating unique operation named: getAllUsingGET_1
2020-06-08 10:39:07.830 [restartedMain] INFO  s.d.s.w.r.operation.CachingOperationNameGenerator - Generating unique operation named: ConditionQueryUsingGET_2
2020-06-08 10:39:07.833 [restartedMain] INFO  s.d.s.w.r.operation.CachingOperationNameGenerator - Generating unique operation named: getAllUsingGET_2
2020-06-08 10:39:07.839 [restartedMain] INFO  s.d.s.w.r.operation.CachingOperationNameGenerator - Generating unique operation named: ConditionQueryUsingGET_3
2020-06-08 10:39:07.842 [restartedMain] INFO  s.d.s.w.r.operation.CachingOperationNameGenerator - Generating unique operation named: getAllUsingGET_3
2020-06-08 10:39:07.849 [restartedMain] INFO  s.d.s.w.r.operation.CachingOperationNameGenerator - Generating unique operation named: ConditionQueryUsingGET_4
2020-06-08 10:39:07.854 [restartedMain] INFO  s.d.s.w.r.operation.CachingOperationNameGenerator - Generating unique operation named: getAllUsingGET_4
2020-06-08 10:39:07.861 [restartedMain] INFO  s.d.s.w.r.operation.CachingOperationNameGenerator - Generating unique operation named: addDeptUsingPOST_1
2020-06-08 10:39:07.863 [restartedMain] INFO  s.d.s.w.r.operation.CachingOperationNameGenerator - Generating unique operation named: deleteDeptUsingDELETE_1
2020-06-08 10:39:07.864 [restartedMain] INFO  s.d.s.w.r.operation.CachingOperationNameGenerator - Generating unique operation named: getTreeUsingGET_1
2020-06-08 10:39:07.865 [restartedMain] INFO  s.d.s.w.r.operation.CachingOperationNameGenerator - Generating unique operation named: updateDeptUsingPUT_1
2020-06-08 10:39:07.867 [restartedMain] INFO  s.d.s.w.r.operation.CachingOperationNameGenerator - Generating unique operation named: ConditionQueryUsingGET_5
2020-06-08 10:39:07.870 [restartedMain] INFO  s.d.s.w.r.operation.CachingOperationNameGenerator - Generating unique operation named: getAllUsingGET_5
2020-06-08 10:39:07.876 [restartedMain] INFO  s.d.s.w.r.operation.CachingOperationNameGenerator - Generating unique operation named: ConditionQueryUsingGET_6
2020-06-08 10:39:07.878 [restartedMain] INFO  s.d.s.w.r.operation.CachingOperationNameGenerator - Generating unique operation named: getAllUsingGET_6
2020-06-08 10:39:07.886 [restartedMain] INFO  s.d.s.w.r.operation.CachingOperationNameGenerator - Generating unique operation named: ConditionQueryUsingGET_7
2020-06-08 10:39:07.888 [restartedMain] INFO  s.d.s.w.r.operation.CachingOperationNameGenerator - Generating unique operation named: getAllUsingGET_7
2020-06-08 10:39:07.894 [restartedMain] INFO  s.d.s.w.r.operation.CachingOperationNameGenerator - Generating unique operation named: ConditionQueryUsingGET_8
2020-06-08 10:39:07.897 [restartedMain] INFO  s.d.s.w.r.operation.CachingOperationNameGenerator - Generating unique operation named: getAllUsingGET_8
2020-06-08 10:39:07.902 [restartedMain] INFO  s.d.s.w.r.operation.CachingOperationNameGenerator - Generating unique operation named: ConditionQueryUsingGET_9
2020-06-08 10:39:07.904 [restartedMain] INFO  s.d.s.w.r.operation.CachingOperationNameGenerator - Generating unique operation named: getAllUsingGET_9
2020-06-08 10:39:07.911 [restartedMain] INFO  s.d.s.w.r.operation.CachingOperationNameGenerator - Generating unique operation named: ConditionQueryUsingGET_10
2020-06-08 10:39:07.913 [restartedMain] INFO  s.d.s.w.r.operation.CachingOperationNameGenerator - Generating unique operation named: getAllUsingGET_10
2020-06-08 10:39:07.917 [restartedMain] INFO  s.d.s.w.r.operation.CachingOperationNameGenerator - Generating unique operation named: ConditionQueryUsingGET_11
2020-06-08 10:39:07.920 [restartedMain] INFO  s.d.s.w.r.operation.CachingOperationNameGenerator - Generating unique operation named: getAllUsingGET_11
2020-06-08 10:39:07.925 [restartedMain] INFO  s.d.s.w.r.operation.CachingOperationNameGenerator - Generating unique operation named: ConditionQueryUsingGET_12
2020-06-08 10:39:07.934 [restartedMain] INFO  s.d.s.w.r.operation.CachingOperationNameGenerator - Generating unique operation named: conditionQueryUsingGET_1
2020-06-08 10:39:07.936 [restartedMain] INFO  s.d.s.w.r.operation.CachingOperationNameGenerator - Generating unique operation named: ConditionQueryUsingGET_13
2020-06-08 10:39:07.946 [restartedMain] INFO  s.d.s.w.r.operation.CachingOperationNameGenerator - Generating unique operation named: ConditionQueryUsingGET_14
2020-06-08 10:39:07.949 [restartedMain] INFO  s.d.s.w.r.operation.CachingOperationNameGenerator - Generating unique operation named: conditionQueryUsingGET_2
2020-06-08 10:39:07.950 [restartedMain] INFO  s.d.s.w.r.operation.CachingOperationNameGenerator - Generating unique operation named: ConditionQueryUsingGET_15
2020-06-08 10:39:07.972 [restartedMain] INFO  org.apache.coyote.http11.Http11NioProtocol - Starting ProtocolHandler ["http-nio-8080"]
2020-06-08 10:39:07.995 [restartedMain] INFO  o.s.boot.web.embedded.tomcat.TomcatWebServer - Tomcat started on port(s): 8080 (http) with context path ''
2020-06-08 10:39:08.000 [restartedMain] INFO  com.prescription.memory.MemoryApplication - Started MemoryApplication in 6.891 seconds (JVM running for 8.426)
2020-06-08 10:39:26.131 [http-nio-8080-exec-1] INFO  o.a.c.core.ContainerBase.[Tomcat].[localhost].[/] - Initializing Spring DispatcherServlet 'dispatcherServlet'
2020-06-08 10:39:26.133 [http-nio-8080-exec-1] INFO  org.springframework.web.servlet.DispatcherServlet - Initializing Servlet 'dispatcherServlet'
2020-06-08 10:39:26.148 [http-nio-8080-exec-1] INFO  org.springframework.web.servlet.DispatcherServlet - Completed initialization in 14 ms
2020-06-08 10:39:47.246 [http-nio-8080-exec-5] WARN  o.s.w.s.m.m.a.ExceptionHandlerExceptionResolver - Resolved [com.prescription.memory.error.BusinessException]
2020-06-08 10:41:28.646 [http-nio-8080-exec-9] INFO  com.alibaba.druid.pool.DruidDataSource - {dataSource-1} inited
2020-06-08 10:41:30.638 [http-nio-8080-exec-9] DEBUG com.prescription.memory.dao.ZyyjUserDao.selectOne - ==>  Preparing: SELECT user_id,post_id,department_id,name,realname,password,phone,email,gender,status,photo,college_id FROM zyyj_user WHERE (name = ? AND password = ? AND post_id = ?) 
2020-06-08 10:41:30.686 [http-nio-8080-exec-9] DEBUG com.prescription.memory.dao.ZyyjUserDao.selectOne - ==> Parameters: 2018081164(String), cuit2018081164(String), 2(Integer)
2020-06-08 10:41:30.804 [http-nio-8080-exec-9] DEBUG com.prescription.memory.dao.ZyyjUserDao.selectOne - <==      Total: 1
2020-06-08 10:41:50.151 [http-nio-8080-exec-2] WARN  o.s.w.s.m.m.a.ExceptionHandlerExceptionResolver - Resolved [com.prescription.memory.error.BusinessException]
2020-06-08 10:47:27.073 [Thread-4] INFO  o.s.scheduling.concurrent.ThreadPoolTaskExecutor - Shutting down ExecutorService 'applicationTaskExecutor'
2020-06-08 10:47:27.115 [Thread-4] INFO  com.alibaba.druid.pool.DruidDataSource - {dataSource-1} closed
2020-06-08 10:47:27.969 [restartedMain] INFO  com.prescription.memory.MemoryApplication - Starting MemoryApplication on DESKTOP-TQ2T3C2 with PID 12708 (C:\Users\admin\Desktop\memory\target\classes started by admin in C:\Users\admin\Desktop\memory)
2020-06-08 10:47:27.969 [restartedMain] INFO  com.prescription.memory.MemoryApplication - The following profiles are active: prov
2020-06-08 10:47:28.707 [restartedMain] INFO  o.s.d.r.config.RepositoryConfigurationDelegate - Multiple Spring Data modules found, entering strict repository configuration mode!
2020-06-08 10:47:28.707 [restartedMain] INFO  o.s.d.r.config.RepositoryConfigurationDelegate - Bootstrapping Spring Data Redis repositories in DEFAULT mode.
2020-06-08 10:47:28.792 [restartedMain] INFO  o.s.d.r.config.RepositoryConfigurationDelegate - Finished Spring Data repository scanning in 85ms. Found 0 Redis repository interfaces.
2020-06-08 10:47:28.924 [restartedMain] INFO  o.s.boot.web.embedded.tomcat.TomcatWebServer - Tomcat initialized with port(s): 8080 (http)
2020-06-08 10:47:28.925 [restartedMain] INFO  org.apache.coyote.http11.Http11NioProtocol - Initializing ProtocolHandler ["http-nio-8080"]
2020-06-08 10:47:28.925 [restartedMain] INFO  org.apache.catalina.core.StandardService - Starting service [Tomcat]
2020-06-08 10:47:28.925 [restartedMain] INFO  org.apache.catalina.core.StandardEngine - Starting Servlet engine: [Apache Tomcat/9.0.33]
2020-06-08 10:47:28.975 [restartedMain] INFO  o.a.c.core.ContainerBase.[Tomcat].[localhost].[/] - Initializing Spring embedded WebApplicationContext
2020-06-08 10:47:28.975 [restartedMain] INFO  org.springframework.web.context.ContextLoader - Root WebApplicationContext: initialization completed in 1003 ms
2020-06-08 10:47:31.030 [restartedMain] INFO  s.d.s.w.PropertySourcedRequestMappingHandlerMapping - Mapped URL path [/v2/api-docs] onto method [springfox.documentation.swagger2.web.Swagger2Controller#getDocumentation(String, HttpServletRequest)]
2020-06-08 10:47:31.087 [restartedMain] INFO  o.s.scheduling.concurrent.ThreadPoolTaskExecutor - Initializing ExecutorService 'applicationTaskExecutor'
2020-06-08 10:47:31.103 [restartedMain] INFO  o.s.b.d.autoconfigure.OptionalLiveReloadServer - LiveReload server is running on port 35729
2020-06-08 10:47:32.011 [restartedMain] INFO  s.d.s.web.plugins.DocumentationPluginsBootstrapper - Context refreshed
2020-06-08 10:47:32.012 [restartedMain] INFO  s.d.s.web.plugins.DocumentationPluginsBootstrapper - Found 1 custom documentation plugin(s)
2020-06-08 10:47:32.037 [restartedMain] INFO  s.d.spring.web.scanners.ApiListingReferenceScanner - Scanning for api listing references
2020-06-08 10:47:32.104 [restartedMain] INFO  s.d.s.w.r.operation.CachingOperationNameGenerator - Generating unique operation named: ConditionQueryUsingGET_1
2020-06-08 10:47:32.106 [restartedMain] INFO  s.d.s.w.r.operation.CachingOperationNameGenerator - Generating unique operation named: getAllUsingGET_1
2020-06-08 10:47:32.111 [restartedMain] INFO  s.d.s.w.r.operation.CachingOperationNameGenerator - Generating unique operation named: ConditionQueryUsingGET_2
2020-06-08 10:47:32.115 [restartedMain] INFO  s.d.s.w.r.operation.CachingOperationNameGenerator - Generating unique operation named: getAllUsingGET_2
2020-06-08 10:47:32.122 [restartedMain] INFO  s.d.s.w.r.operation.CachingOperationNameGenerator - Generating unique operation named: ConditionQueryUsingGET_3
2020-06-08 10:47:32.126 [restartedMain] INFO  s.d.s.w.r.operation.CachingOperationNameGenerator - Generating unique operation named: getAllUsingGET_3
2020-06-08 10:47:32.132 [restartedMain] INFO  s.d.s.w.r.operation.CachingOperationNameGenerator - Generating unique operation named: ConditionQueryUsingGET_4
2020-06-08 10:47:32.138 [restartedMain] INFO  s.d.s.w.r.operation.CachingOperationNameGenerator - Generating unique operation named: getAllUsingGET_4
2020-06-08 10:47:32.148 [restartedMain] INFO  s.d.s.w.r.operation.CachingOperationNameGenerator - Generating unique operation named: addDeptUsingPOST_1
2020-06-08 10:47:32.150 [restartedMain] INFO  s.d.s.w.r.operation.CachingOperationNameGenerator - Generating unique operation named: deleteDeptUsingDELETE_1
2020-06-08 10:47:32.151 [restartedMain] INFO  s.d.s.w.r.operation.CachingOperationNameGenerator - Generating unique operation named: getTreeUsingGET_1
2020-06-08 10:47:32.154 [restartedMain] INFO  s.d.s.w.r.operation.CachingOperationNameGenerator - Generating unique operation named: updateDeptUsingPUT_1
2020-06-08 10:47:32.157 [restartedMain] INFO  s.d.s.w.r.operation.CachingOperationNameGenerator - Generating unique operation named: ConditionQueryUsingGET_5
2020-06-08 10:47:32.161 [restartedMain] INFO  s.d.s.w.r.operation.CachingOperationNameGenerator - Generating unique operation named: getAllUsingGET_5
2020-06-08 10:47:32.169 [restartedMain] INFO  s.d.s.w.r.operation.CachingOperationNameGenerator - Generating unique operation named: ConditionQueryUsingGET_6
2020-06-08 10:47:32.172 [restartedMain] INFO  s.d.s.w.r.operation.CachingOperationNameGenerator - Generating unique operation named: getAllUsingGET_6
2020-06-08 10:47:32.187 [restartedMain] INFO  s.d.s.w.r.operation.CachingOperationNameGenerator - Generating unique operation named: ConditionQueryUsingGET_7
2020-06-08 10:47:32.190 [restartedMain] INFO  s.d.s.w.r.operation.CachingOperationNameGenerator - Generating unique operation named: getAllUsingGET_7
2020-06-08 10:47:32.199 [restartedMain] INFO  s.d.s.w.r.operation.CachingOperationNameGenerator - Generating unique operation named: ConditionQueryUsingGET_8
2020-06-08 10:47:32.202 [restartedMain] INFO  s.d.s.w.r.operation.CachingOperationNameGenerator - Generating unique operation named: getAllUsingGET_8
2020-06-08 10:47:32.212 [restartedMain] INFO  s.d.s.w.r.operation.CachingOperationNameGenerator - Generating unique operation named: ConditionQueryUsingGET_9
2020-06-08 10:47:32.216 [restartedMain] INFO  s.d.s.w.r.operation.CachingOperationNameGenerator - Generating unique operation named: getAllUsingGET_9
2020-06-08 10:47:32.227 [restartedMain] INFO  s.d.s.w.r.operation.CachingOperationNameGenerator - Generating unique operation named: ConditionQueryUsingGET_10
2020-06-08 10:47:32.231 [restartedMain] INFO  s.d.s.w.r.operation.CachingOperationNameGenerator - Generating unique operation named: getAllUsingGET_10
2020-06-08 10:47:32.238 [restartedMain] INFO  s.d.s.w.r.operation.CachingOperationNameGenerator - Generating unique operation named: ConditionQueryUsingGET_11
2020-06-08 10:47:32.240 [restartedMain] INFO  s.d.s.w.r.operation.CachingOperationNameGenerator - Generating unique operation named: getAllUsingGET_11
2020-06-08 10:47:32.247 [restartedMain] INFO  s.d.s.w.r.operation.CachingOperationNameGenerator - Generating unique operation named: ConditionQueryUsingGET_12
2020-06-08 10:47:32.259 [restartedMain] INFO  s.d.s.w.r.operation.CachingOperationNameGenerator - Generating unique operation named: conditionQueryUsingGET_1
2020-06-08 10:47:32.262 [restartedMain] INFO  s.d.s.w.r.operation.CachingOperationNameGenerator - Generating unique operation named: ConditionQueryUsingGET_13
2020-06-08 10:47:32.274 [restartedMain] INFO  s.d.s.w.r.operation.CachingOperationNameGenerator - Generating unique operation named: ConditionQueryUsingGET_14
2020-06-08 10:47:32.278 [restartedMain] INFO  s.d.s.w.r.operation.CachingOperationNameGenerator - Generating unique operation named: conditionQueryUsingGET_2
2020-06-08 10:47:32.280 [restartedMain] INFO  s.d.s.w.r.operation.CachingOperationNameGenerator - Generating unique operation named: ConditionQueryUsingGET_15
2020-06-08 10:47:32.294 [restartedMain] INFO  org.apache.coyote.http11.Http11NioProtocol - Starting ProtocolHandler ["http-nio-8080"]
2020-06-08 10:47:32.299 [restartedMain] INFO  o.s.boot.web.embedded.tomcat.TomcatWebServer - Tomcat started on port(s): 8080 (http) with context path ''
2020-06-08 10:47:32.300 [restartedMain] INFO  com.prescription.memory.MemoryApplication - Started MemoryApplication in 4.399 seconds (JVM running for 512.726)
2020-06-08 10:47:32.303 [restartedMain] INFO  o.s.b.d.a.ConditionEvaluationDeltaLoggingListener - Condition evaluation unchanged
2020-06-08 10:47:57.890 [http-nio-8080-exec-1] INFO  o.a.c.core.ContainerBase.[Tomcat].[localhost].[/] - Initializing Spring DispatcherServlet 'dispatcherServlet'
2020-06-08 10:47:57.893 [http-nio-8080-exec-1] INFO  org.springframework.web.servlet.DispatcherServlet - Initializing Servlet 'dispatcherServlet'
2020-06-08 10:47:57.898 [http-nio-8080-exec-1] INFO  org.springframework.web.servlet.DispatcherServlet - Completed initialization in 5 ms
2020-06-08 10:54:29.820 [http-nio-8080-exec-2] INFO  com.alibaba.druid.pool.DruidDataSource - {dataSource-2} inited
2020-06-08 10:54:30.891 [http-nio-8080-exec-2] DEBUG com.prescription.memory.dao.ZyyjUserDao.selectOne - ==>  Preparing: SELECT user_id,post_id,department_id,name,realname,password,phone,email,gender,status,photo,college_id FROM zyyj_user WHERE (name = ? AND password = ? AND post_id = ?) 
2020-06-08 10:54:30.893 [http-nio-8080-exec-2] DEBUG com.prescription.memory.dao.ZyyjUserDao.selectOne - ==> Parameters: 2018081164(String), cuit2018081164(String), 2(Integer)
2020-06-08 10:54:30.971 [http-nio-8080-exec-2] DEBUG com.prescription.memory.dao.ZyyjUserDao.selectOne - <==      Total: 1
2020-06-08 10:55:08.757 [http-nio-8080-exec-4] WARN  o.s.w.s.m.m.a.ExceptionHandlerExceptionResolver - Resolved [com.prescription.memory.error.BusinessException]
2020-06-08 10:59:38.972 [http-nio-8080-exec-10] WARN  o.s.w.s.m.m.a.ExceptionHandlerExceptionResolver - Resolved [com.prescription.memory.error.BusinessException]
2020-06-08 11:13:26.911 [http-nio-8080-exec-3] WARN  o.s.w.s.m.m.a.ExceptionHandlerExceptionResolver - Resolved [com.prescription.memory.error.BusinessException]
2020-06-08 11:13:46.286 [http-nio-8080-exec-2] WARN  o.s.w.s.m.m.a.ExceptionHandlerExceptionResolver - Resolved [com.prescription.memory.error.BusinessException]
2020-06-08 11:13:46.822 [http-nio-8080-exec-4] WARN  o.s.w.s.m.m.a.ExceptionHandlerExceptionResolver - Resolved [com.prescription.memory.error.BusinessException]
2020-06-08 11:19:02.506 [Thread-8] INFO  o.s.scheduling.concurrent.ThreadPoolTaskExecutor - Shutting down ExecutorService 'applicationTaskExecutor'
2020-06-08 11:19:02.524 [Thread-8] INFO  com.alibaba.druid.pool.DruidDataSource - {dataSource-2} closed
2020-06-08 11:19:03.417 [restartedMain] INFO  com.prescription.memory.MemoryApplication - Starting MemoryApplication on DESKTOP-TQ2T3C2 with PID 12708 (C:\Users\admin\Desktop\memory\target\classes started by admin in C:\Users\admin\Desktop\memory)
2020-06-08 11:19:03.418 [restartedMain] INFO  com.prescription.memory.MemoryApplication - The following profiles are active: prov
2020-06-08 11:19:04.128 [restartedMain] INFO  o.s.d.r.config.RepositoryConfigurationDelegate - Multiple Spring Data modules found, entering strict repository configuration mode!
2020-06-08 11:19:04.128 [restartedMain] INFO  o.s.d.r.config.RepositoryConfigurationDelegate - Bootstrapping Spring Data Redis repositories in DEFAULT mode.
2020-06-08 11:19:04.212 [restartedMain] INFO  o.s.d.r.config.RepositoryConfigurationDelegate - Finished Spring Data repository scanning in 84ms. Found 0 Redis repository interfaces.
2020-06-08 11:19:04.386 [restartedMain] INFO  o.s.boot.web.embedded.tomcat.TomcatWebServer - Tomcat initialized with port(s): 8080 (http)
2020-06-08 11:19:04.386 [restartedMain] INFO  org.apache.coyote.http11.Http11NioProtocol - Initializing ProtocolHandler ["http-nio-8080"]
2020-06-08 11:19:04.386 [restartedMain] INFO  org.apache.catalina.core.StandardService - Starting service [Tomcat]
2020-06-08 11:19:04.387 [restartedMain] INFO  org.apache.catalina.core.StandardEngine - Starting Servlet engine: [Apache Tomcat/9.0.33]
2020-06-08 11:19:04.434 [restartedMain] INFO  o.a.c.core.ContainerBase.[Tomcat].[localhost].[/] - Initializing Spring embedded WebApplicationContext
2020-06-08 11:19:04.434 [restartedMain] INFO  org.springframework.web.context.ContextLoader - Root WebApplicationContext: initialization completed in 1012 ms
2020-06-08 11:19:06.138 [restartedMain] INFO  s.d.s.w.PropertySourcedRequestMappingHandlerMapping - Mapped URL path [/v2/api-docs] onto method [springfox.documentation.swagger2.web.Swagger2Controller#getDocumentation(String, HttpServletRequest)]
2020-06-08 11:19:06.178 [restartedMain] INFO  o.s.scheduling.concurrent.ThreadPoolTaskExecutor - Initializing ExecutorService 'applicationTaskExecutor'
2020-06-08 11:19:06.185 [restartedMain] INFO  o.s.b.d.autoconfigure.OptionalLiveReloadServer - LiveReload server is running on port 35729
2020-06-08 11:19:06.400 [restartedMain] INFO  s.d.s.web.plugins.DocumentationPluginsBootstrapper - Context refreshed
2020-06-08 11:19:06.400 [restartedMain] INFO  s.d.s.web.plugins.DocumentationPluginsBootstrapper - Found 1 custom documentation plugin(s)
2020-06-08 11:19:06.415 [restartedMain] INFO  s.d.spring.web.scanners.ApiListingReferenceScanner - Scanning for api listing references
2020-06-08 11:19:06.462 [restartedMain] INFO  s.d.s.w.r.operation.CachingOperationNameGenerator - Generating unique operation named: ConditionQueryUsingGET_1
2020-06-08 11:19:06.464 [restartedMain] INFO  s.d.s.w.r.operation.CachingOperationNameGenerator - Generating unique operation named: getAllUsingGET_1
2020-06-08 11:19:06.468 [restartedMain] INFO  s.d.s.w.r.operation.CachingOperationNameGenerator - Generating unique operation named: ConditionQueryUsingGET_2
2020-06-08 11:19:06.470 [restartedMain] INFO  s.d.s.w.r.operation.CachingOperationNameGenerator - Generating unique operation named: getAllUsingGET_2
2020-06-08 11:19:06.473 [restartedMain] INFO  s.d.s.w.r.operation.CachingOperationNameGenerator - Generating unique operation named: ConditionQueryUsingGET_3
2020-06-08 11:19:06.475 [restartedMain] INFO  s.d.s.w.r.operation.CachingOperationNameGenerator - Generating unique operation named: getAllUsingGET_3
2020-06-08 11:19:06.478 [restartedMain] INFO  s.d.s.w.r.operation.CachingOperationNameGenerator - Generating unique operation named: ConditionQueryUsingGET_4
2020-06-08 11:19:06.481 [restartedMain] INFO  s.d.s.w.r.operation.CachingOperationNameGenerator - Generating unique operation named: getAllUsingGET_4
2020-06-08 11:19:06.485 [restartedMain] INFO  s.d.s.w.r.operation.CachingOperationNameGenerator - Generating unique operation named: addDeptUsingPOST_1
2020-06-08 11:19:06.486 [restartedMain] INFO  s.d.s.w.r.operation.CachingOperationNameGenerator - Generating unique operation named: deleteDeptUsingDELETE_1
2020-06-08 11:19:06.487 [restartedMain] INFO  s.d.s.w.r.operation.CachingOperationNameGenerator - Generating unique operation named: getTreeUsingGET_1
2020-06-08 11:19:06.488 [restartedMain] INFO  s.d.s.w.r.operation.CachingOperationNameGenerator - Generating unique operation named: updateDeptUsingPUT_1
2020-06-08 11:19:06.490 [restartedMain] INFO  s.d.s.w.r.operation.CachingOperationNameGenerator - Generating unique operation named: ConditionQueryUsingGET_5
2020-06-08 11:19:06.491 [restartedMain] INFO  s.d.s.w.r.operation.CachingOperationNameGenerator - Generating unique operation named: getAllUsingGET_5
2020-06-08 11:19:06.495 [restartedMain] INFO  s.d.s.w.r.operation.CachingOperationNameGenerator - Generating unique operation named: ConditionQueryUsingGET_6
2020-06-08 11:19:06.497 [restartedMain] INFO  s.d.s.w.r.operation.CachingOperationNameGenerator - Generating unique operation named: getAllUsingGET_6
2020-06-08 11:19:06.503 [restartedMain] INFO  s.d.s.w.r.operation.CachingOperationNameGenerator - Generating unique operation named: ConditionQueryUsingGET_7
2020-06-08 11:19:06.505 [restartedMain] INFO  s.d.s.w.r.operation.CachingOperationNameGenerator - Generating unique operation named: getAllUsingGET_7
2020-06-08 11:19:06.510 [restartedMain] INFO  s.d.s.w.r.operation.CachingOperationNameGenerator - Generating unique operation named: ConditionQueryUsingGET_8
2020-06-08 11:19:06.512 [restartedMain] INFO  s.d.s.w.r.operation.CachingOperationNameGenerator - Generating unique operation named: getAllUsingGET_8
2020-06-08 11:19:06.515 [restartedMain] INFO  s.d.s.w.r.operation.CachingOperationNameGenerator - Generating unique operation named: ConditionQueryUsingGET_9
2020-06-08 11:19:06.517 [restartedMain] INFO  s.d.s.w.r.operation.CachingOperationNameGenerator - Generating unique operation named: getAllUsingGET_9
2020-06-08 11:19:06.520 [restartedMain] INFO  s.d.s.w.r.operation.CachingOperationNameGenerator - Generating unique operation named: ConditionQueryUsingGET_10
2020-06-08 11:19:06.522 [restartedMain] INFO  s.d.s.w.r.operation.CachingOperationNameGenerator - Generating unique operation named: getAllUsingGET_10
2020-06-08 11:19:06.525 [restartedMain] INFO  s.d.s.w.r.operation.CachingOperationNameGenerator - Generating unique operation named: ConditionQueryUsingGET_11
2020-06-08 11:19:06.527 [restartedMain] INFO  s.d.s.w.r.operation.CachingOperationNameGenerator - Generating unique operation named: getAllUsingGET_11
2020-06-08 11:19:06.530 [restartedMain] INFO  s.d.s.w.r.operation.CachingOperationNameGenerator - Generating unique operation named: ConditionQueryUsingGET_12
2020-06-08 11:19:06.537 [restartedMain] INFO  s.d.s.w.r.operation.CachingOperationNameGenerator - Generating unique operation named: conditionQueryUsingGET_1
2020-06-08 11:19:06.538 [restartedMain] INFO  s.d.s.w.r.operation.CachingOperationNameGenerator - Generating unique operation named: ConditionQueryUsingGET_13
2020-06-08 11:19:06.544 [restartedMain] INFO  s.d.s.w.r.operation.CachingOperationNameGenerator - Generating unique operation named: ConditionQueryUsingGET_14
2020-06-08 11:19:06.547 [restartedMain] INFO  s.d.s.w.r.operation.CachingOperationNameGenerator - Generating unique operation named: conditionQueryUsingGET_2
2020-06-08 11:19:06.549 [restartedMain] INFO  s.d.s.w.r.operation.CachingOperationNameGenerator - Generating unique operation named: ConditionQueryUsingGET_15
2020-06-08 11:19:06.557 [restartedMain] INFO  org.apache.coyote.http11.Http11NioProtocol - Starting ProtocolHandler ["http-nio-8080"]
2020-06-08 11:19:06.561 [restartedMain] INFO  o.s.boot.web.embedded.tomcat.TomcatWebServer - Tomcat started on port(s): 8080 (http) with context path ''
2020-06-08 11:19:06.562 [restartedMain] INFO  com.prescription.memory.MemoryApplication - Started MemoryApplication in 3.197 seconds (JVM running for 2406.988)
2020-06-08 11:19:06.563 [restartedMain] INFO  o.s.b.d.a.ConditionEvaluationDeltaLoggingListener - Condition evaluation unchanged
2020-06-08 11:19:11.761 [http-nio-8080-exec-1] INFO  o.a.c.core.ContainerBase.[Tomcat].[localhost].[/] - Initializing Spring DispatcherServlet 'dispatcherServlet'
2020-06-08 11:19:11.765 [http-nio-8080-exec-1] INFO  org.springframework.web.servlet.DispatcherServlet - Initializing Servlet 'dispatcherServlet'
2020-06-08 11:19:11.770 [http-nio-8080-exec-1] INFO  org.springframework.web.servlet.DispatcherServlet - Completed initialization in 5 ms
2020-06-08 11:19:35.059 [http-nio-8080-exec-9] INFO  com.alibaba.druid.pool.DruidDataSource - {dataSource-3} inited
2020-06-08 11:19:36.115 [http-nio-8080-exec-9] DEBUG com.prescription.memory.dao.ZyyjUserDao.selectOne - ==>  Preparing: SELECT user_id,post_id,department_id,name,realname,password,phone,email,gender,status,photo,college_id FROM zyyj_user WHERE (name = ? AND password = ? AND post_id = ?) 
2020-06-08 11:19:36.118 [http-nio-8080-exec-9] DEBUG com.prescription.memory.dao.ZyyjUserDao.selectOne - ==> Parameters: 2018081164(String), cuit2018081164(String), 2(Integer)
2020-06-08 11:19:36.202 [http-nio-8080-exec-9] DEBUG com.prescription.memory.dao.ZyyjUserDao.selectOne - <==      Total: 1
2020-06-08 11:19:58.825 [http-nio-8080-exec-10] DEBUG c.prescription.memory.dao.ZyyjCourseDao.selectList - ==>  Preparing: SELECT course_id,parent_id,name,tree_code,introduction,photo FROM zyyj_course 
2020-06-08 11:19:58.827 [http-nio-8080-exec-10] DEBUG c.prescription.memory.dao.ZyyjCourseDao.selectList - ==> Parameters: 
2020-06-08 11:19:58.895 [http-nio-8080-exec-10] DEBUG c.prescription.memory.dao.ZyyjCourseDao.selectList - <==      Total: 20
2020-06-08 11:20:43.115 [Thread-13] INFO  o.s.scheduling.concurrent.ThreadPoolTaskExecutor - Shutting down ExecutorService 'applicationTaskExecutor'
2020-06-08 11:20:43.123 [Thread-13] INFO  com.alibaba.druid.pool.DruidDataSource - {dataSource-3} closed
2020-06-08 11:20:43.850 [restartedMain] INFO  com.prescription.memory.MemoryApplication - Starting MemoryApplication on DESKTOP-TQ2T3C2 with PID 12708 (C:\Users\admin\Desktop\memory\target\classes started by admin in C:\Users\admin\Desktop\memory)
2020-06-08 11:20:43.850 [restartedMain] INFO  com.prescription.memory.MemoryApplication - The following profiles are active: prov
2020-06-08 11:20:44.574 [restartedMain] INFO  o.s.d.r.config.RepositoryConfigurationDelegate - Multiple Spring Data modules found, entering strict repository configuration mode!
2020-06-08 11:20:44.574 [restartedMain] INFO  o.s.d.r.config.RepositoryConfigurationDelegate - Bootstrapping Spring Data Redis repositories in DEFAULT mode.
2020-06-08 11:20:44.658 [restartedMain] INFO  o.s.d.r.config.RepositoryConfigurationDelegate - Finished Spring Data repository scanning in 83ms. Found 0 Redis repository interfaces.
2020-06-08 11:20:44.785 [restartedMain] INFO  o.s.boot.web.embedded.tomcat.TomcatWebServer - Tomcat initialized with port(s): 8080 (http)
2020-06-08 11:20:44.786 [restartedMain] INFO  org.apache.coyote.http11.Http11NioProtocol - Initializing ProtocolHandler ["http-nio-8080"]
2020-06-08 11:20:44.790 [restartedMain] INFO  org.apache.catalina.core.StandardService - Starting service [Tomcat]
2020-06-08 11:20:44.790 [restartedMain] INFO  org.apache.catalina.core.StandardEngine - Starting Servlet engine: [Apache Tomcat/9.0.33]
2020-06-08 11:20:44.840 [restartedMain] INFO  o.a.c.core.ContainerBase.[Tomcat].[localhost].[/] - Initializing Spring embedded WebApplicationContext
2020-06-08 11:20:44.840 [restartedMain] INFO  org.springframework.web.context.ContextLoader - Root WebApplicationContext: initialization completed in 987 ms
2020-06-08 11:20:46.058 [restartedMain] INFO  s.d.s.w.PropertySourcedRequestMappingHandlerMapping - Mapped URL path [/v2/api-docs] onto method [springfox.documentation.swagger2.web.Swagger2Controller#getDocumentation(String, HttpServletRequest)]
2020-06-08 11:20:46.101 [restartedMain] INFO  o.s.scheduling.concurrent.ThreadPoolTaskExecutor - Initializing ExecutorService 'applicationTaskExecutor'
2020-06-08 11:20:46.108 [restartedMain] INFO  o.s.b.d.autoconfigure.OptionalLiveReloadServer - LiveReload server is running on port 35729
2020-06-08 11:20:46.338 [restartedMain] INFO  s.d.s.web.plugins.DocumentationPluginsBootstrapper - Context refreshed
2020-06-08 11:20:46.339 [restartedMain] INFO  s.d.s.web.plugins.DocumentationPluginsBootstrapper - Found 1 custom documentation plugin(s)
2020-06-08 11:20:46.351 [restartedMain] INFO  s.d.spring.web.scanners.ApiListingReferenceScanner - Scanning for api listing references
2020-06-08 11:20:46.385 [restartedMain] INFO  s.d.s.w.r.operation.CachingOperationNameGenerator - Generating unique operation named: ConditionQueryUsingGET_1
2020-06-08 11:20:46.387 [restartedMain] INFO  s.d.s.w.r.operation.CachingOperationNameGenerator - Generating unique operation named: getAllUsingGET_1
2020-06-08 11:20:46.390 [restartedMain] INFO  s.d.s.w.r.operation.CachingOperationNameGenerator - Generating unique operation named: ConditionQueryUsingGET_2
2020-06-08 11:20:46.392 [restartedMain] INFO  s.d.s.w.r.operation.CachingOperationNameGenerator - Generating unique operation named: getAllUsingGET_2
2020-06-08 11:20:46.395 [restartedMain] INFO  s.d.s.w.r.operation.CachingOperationNameGenerator - Generating unique operation named: ConditionQueryUsingGET_3
2020-06-08 11:20:46.396 [restartedMain] INFO  s.d.s.w.r.operation.CachingOperationNameGenerator - Generating unique operation named: getAllUsingGET_3
2020-06-08 11:20:46.399 [restartedMain] INFO  s.d.s.w.r.operation.CachingOperationNameGenerator - Generating unique operation named: ConditionQueryUsingGET_4
2020-06-08 11:20:46.402 [restartedMain] INFO  s.d.s.w.r.operation.CachingOperationNameGenerator - Generating unique operation named: getAllUsingGET_4
2020-06-08 11:20:46.406 [restartedMain] INFO  s.d.s.w.r.operation.CachingOperationNameGenerator - Generating unique operation named: addDeptUsingPOST_1
2020-06-08 11:20:46.407 [restartedMain] INFO  s.d.s.w.r.operation.CachingOperationNameGenerator - Generating unique operation named: deleteDeptUsingDELETE_1
2020-06-08 11:20:46.408 [restartedMain] INFO  s.d.s.w.r.operation.CachingOperationNameGenerator - Generating unique operation named: getTreeUsingGET_1
2020-06-08 11:20:46.408 [restartedMain] INFO  s.d.s.w.r.operation.CachingOperationNameGenerator - Generating unique operation named: updateDeptUsingPUT_1
2020-06-08 11:20:46.410 [restartedMain] INFO  s.d.s.w.r.operation.CachingOperationNameGenerator - Generating unique operation named: ConditionQueryUsingGET_5
2020-06-08 11:20:46.411 [restartedMain] INFO  s.d.s.w.r.operation.CachingOperationNameGenerator - Generating unique operation named: getAllUsingGET_5
2020-06-08 11:20:46.414 [restartedMain] INFO  s.d.s.w.r.operation.CachingOperationNameGenerator - Generating unique operation named: ConditionQueryUsingGET_6
2020-06-08 11:20:46.416 [restartedMain] INFO  s.d.s.w.r.operation.CachingOperationNameGenerator - Generating unique operation named: getAllUsingGET_6
2020-06-08 11:20:46.421 [restartedMain] INFO  s.d.s.w.r.operation.CachingOperationNameGenerator - Generating unique operation named: ConditionQueryUsingGET_7
2020-06-08 11:20:46.422 [restartedMain] INFO  s.d.s.w.r.operation.CachingOperationNameGenerator - Generating unique operation named: getAllUsingGET_7
2020-06-08 11:20:46.426 [restartedMain] INFO  s.d.s.w.r.operation.CachingOperationNameGenerator - Generating unique operation named: ConditionQueryUsingGET_8
2020-06-08 11:20:46.427 [restartedMain] INFO  s.d.s.w.r.operation.CachingOperationNameGenerator - Generating unique operation named: getAllUsingGET_8
2020-06-08 11:20:46.430 [restartedMain] INFO  s.d.s.w.r.operation.CachingOperationNameGenerator - Generating unique operation named: ConditionQueryUsingGET_9
2020-06-08 11:20:46.433 [restartedMain] INFO  s.d.s.w.r.operation.CachingOperationNameGenerator - Generating unique operation named: getAllUsingGET_9
2020-06-08 11:20:46.437 [restartedMain] INFO  s.d.s.w.r.operation.CachingOperationNameGenerator - Generating unique operation named: ConditionQueryUsingGET_10
2020-06-08 11:20:46.438 [restartedMain] INFO  s.d.s.w.r.operation.CachingOperationNameGenerator - Generating unique operation named: getAllUsingGET_10
2020-06-08 11:20:46.441 [restartedMain] INFO  s.d.s.w.r.operation.CachingOperationNameGenerator - Generating unique operation named: ConditionQueryUsingGET_11
2020-06-08 11:20:46.442 [restartedMain] INFO  s.d.s.w.r.operation.CachingOperationNameGenerator - Generating unique operation named: getAllUsingGET_11
2020-06-08 11:20:46.445 [restartedMain] INFO  s.d.s.w.r.operation.CachingOperationNameGenerator - Generating unique operation named: ConditionQueryUsingGET_12
2020-06-08 11:20:46.450 [restartedMain] INFO  s.d.s.w.r.operation.CachingOperationNameGenerator - Generating unique operation named: conditionQueryUsingGET_1
2020-06-08 11:20:46.451 [restartedMain] INFO  s.d.s.w.r.operation.CachingOperationNameGenerator - Generating unique operation named: ConditionQueryUsingGET_13
2020-06-08 11:20:46.456 [restartedMain] INFO  s.d.s.w.r.operation.CachingOperationNameGenerator - Generating unique operation named: ConditionQueryUsingGET_14
2020-06-08 11:20:46.458 [restartedMain] INFO  s.d.s.w.r.operation.CachingOperationNameGenerator - Generating unique operation named: conditionQueryUsingGET_2
2020-06-08 11:20:46.459 [restartedMain] INFO  s.d.s.w.r.operation.CachingOperationNameGenerator - Generating unique operation named: ConditionQueryUsingGET_15
2020-06-08 11:20:46.466 [restartedMain] INFO  org.apache.coyote.http11.Http11NioProtocol - Starting ProtocolHandler ["http-nio-8080"]
2020-06-08 11:20:46.469 [restartedMain] INFO  o.s.boot.web.embedded.tomcat.TomcatWebServer - Tomcat started on port(s): 8080 (http) with context path ''
2020-06-08 11:20:46.470 [restartedMain] INFO  com.prescription.memory.MemoryApplication - Started MemoryApplication in 2.711 seconds (JVM running for 2506.896)
2020-06-08 11:20:46.472 [restartedMain] INFO  o.s.b.d.a.ConditionEvaluationDeltaLoggingListener - Condition evaluation unchanged
2020-06-08 11:21:45.230 [restartedMain] INFO  com.prescription.memory.MemoryApplication - Starting MemoryApplication on DESKTOP-TQ2T3C2 with PID 6020 (C:\Users\admin\Desktop\memory\target\classes started by admin in C:\Users\admin\Desktop\memory)
2020-06-08 11:21:45.235 [restartedMain] INFO  com.prescription.memory.MemoryApplication - The following profiles are active: prov
2020-06-08 11:21:45.317 [restartedMain] INFO  o.s.b.d.env.DevToolsPropertyDefaultsPostProcessor - Devtools property defaults active! Set 'spring.devtools.add-properties' to 'false' to disable
2020-06-08 11:21:45.318 [restartedMain] INFO  o.s.b.d.env.DevToolsPropertyDefaultsPostProcessor - For additional web related logging consider setting the 'logging.level.web' property to 'DEBUG'
2020-06-08 11:21:46.644 [restartedMain] INFO  o.s.d.r.config.RepositoryConfigurationDelegate - Multiple Spring Data modules found, entering strict repository configuration mode!
2020-06-08 11:21:46.647 [restartedMain] INFO  o.s.d.r.config.RepositoryConfigurationDelegate - Bootstrapping Spring Data Redis repositories in DEFAULT mode.
2020-06-08 11:21:46.759 [restartedMain] INFO  o.s.d.r.config.RepositoryConfigurationDelegate - Finished Spring Data repository scanning in 98ms. Found 0 Redis repository interfaces.
2020-06-08 11:21:47.519 [restartedMain] INFO  o.s.boot.web.embedded.tomcat.TomcatWebServer - Tomcat initialized with port(s): 8080 (http)
2020-06-08 11:21:47.528 [restartedMain] INFO  org.apache.coyote.http11.Http11NioProtocol - Initializing ProtocolHandler ["http-nio-8080"]
2020-06-08 11:21:47.529 [restartedMain] INFO  org.apache.catalina.core.StandardService - Starting service [Tomcat]
2020-06-08 11:21:47.529 [restartedMain] INFO  org.apache.catalina.core.StandardEngine - Starting Servlet engine: [Apache Tomcat/9.0.33]
2020-06-08 11:21:47.671 [restartedMain] INFO  o.a.c.core.ContainerBase.[Tomcat].[localhost].[/] - Initializing Spring embedded WebApplicationContext
2020-06-08 11:21:47.671 [restartedMain] INFO  org.springframework.web.context.ContextLoader - Root WebApplicationContext: initialization completed in 2353 ms
2020-06-08 11:21:50.318 [restartedMain] INFO  s.d.s.w.PropertySourcedRequestMappingHandlerMapping - Mapped URL path [/v2/api-docs] onto method [springfox.documentation.swagger2.web.Swagger2Controller#getDocumentation(String, HttpServletRequest)]
2020-06-08 11:21:50.419 [restartedMain] INFO  o.s.scheduling.concurrent.ThreadPoolTaskExecutor - Initializing ExecutorService 'applicationTaskExecutor'
2020-06-08 11:21:50.455 [restartedMain] INFO  o.s.b.d.autoconfigure.OptionalLiveReloadServer - LiveReload server is running on port 35729
2020-06-08 11:21:50.911 [restartedMain] INFO  s.d.s.web.plugins.DocumentationPluginsBootstrapper - Context refreshed
2020-06-08 11:21:50.922 [restartedMain] INFO  s.d.s.web.plugins.DocumentationPluginsBootstrapper - Found 1 custom documentation plugin(s)
2020-06-08 11:21:50.979 [restartedMain] INFO  s.d.spring.web.scanners.ApiListingReferenceScanner - Scanning for api listing references
2020-06-08 11:21:51.163 [restartedMain] INFO  s.d.s.w.r.operation.CachingOperationNameGenerator - Generating unique operation named: ConditionQueryUsingGET_1
2020-06-08 11:21:51.167 [restartedMain] INFO  s.d.s.w.r.operation.CachingOperationNameGenerator - Generating unique operation named: getAllUsingGET_1
2020-06-08 11:21:51.173 [restartedMain] INFO  s.d.s.w.r.operation.CachingOperationNameGenerator - Generating unique operation named: ConditionQueryUsingGET_2
2020-06-08 11:21:51.175 [restartedMain] INFO  s.d.s.w.r.operation.CachingOperationNameGenerator - Generating unique operation named: getAllUsingGET_2
2020-06-08 11:21:51.181 [restartedMain] INFO  s.d.s.w.r.operation.CachingOperationNameGenerator - Generating unique operation named: ConditionQueryUsingGET_3
2020-06-08 11:21:51.184 [restartedMain] INFO  s.d.s.w.r.operation.CachingOperationNameGenerator - Generating unique operation named: getAllUsingGET_3
2020-06-08 11:21:51.191 [restartedMain] INFO  s.d.s.w.r.operation.CachingOperationNameGenerator - Generating unique operation named: ConditionQueryUsingGET_4
2020-06-08 11:21:51.195 [restartedMain] INFO  s.d.s.w.r.operation.CachingOperationNameGenerator - Generating unique operation named: getAllUsingGET_4
2020-06-08 11:21:51.202 [restartedMain] INFO  s.d.s.w.r.operation.CachingOperationNameGenerator - Generating unique operation named: addDeptUsingPOST_1
2020-06-08 11:21:51.203 [restartedMain] INFO  s.d.s.w.r.operation.CachingOperationNameGenerator - Generating unique operation named: deleteDeptUsingDELETE_1
2020-06-08 11:21:51.204 [restartedMain] INFO  s.d.s.w.r.operation.CachingOperationNameGenerator - Generating unique operation named: getTreeUsingGET_1
2020-06-08 11:21:51.205 [restartedMain] INFO  s.d.s.w.r.operation.CachingOperationNameGenerator - Generating unique operation named: updateDeptUsingPUT_1
2020-06-08 11:21:51.207 [restartedMain] INFO  s.d.s.w.r.operation.CachingOperationNameGenerator - Generating unique operation named: ConditionQueryUsingGET_5
2020-06-08 11:21:51.210 [restartedMain] INFO  s.d.s.w.r.operation.CachingOperationNameGenerator - Generating unique operation named: getAllUsingGET_5
2020-06-08 11:21:51.215 [restartedMain] INFO  s.d.s.w.r.operation.CachingOperationNameGenerator - Generating unique operation named: ConditionQueryUsingGET_6
2020-06-08 11:21:51.217 [restartedMain] INFO  s.d.s.w.r.operation.CachingOperationNameGenerator - Generating unique operation named: getAllUsingGET_6
2020-06-08 11:21:51.226 [restartedMain] INFO  s.d.s.w.r.operation.CachingOperationNameGenerator - Generating unique operation named: ConditionQueryUsingGET_7
2020-06-08 11:21:51.228 [restartedMain] INFO  s.d.s.w.r.operation.CachingOperationNameGenerator - Generating unique operation named: getAllUsingGET_7
2020-06-08 11:21:51.234 [restartedMain] INFO  s.d.s.w.r.operation.CachingOperationNameGenerator - Generating unique operation named: ConditionQueryUsingGET_8
2020-06-08 11:21:51.236 [restartedMain] INFO  s.d.s.w.r.operation.CachingOperationNameGenerator - Generating unique operation named: getAllUsingGET_8
2020-06-08 11:21:51.242 [restartedMain] INFO  s.d.s.w.r.operation.CachingOperationNameGenerator - Generating unique operation named: ConditionQueryUsingGET_9
2020-06-08 11:21:51.244 [restartedMain] INFO  s.d.s.w.r.operation.CachingOperationNameGenerator - Generating unique operation named: getAllUsingGET_9
2020-06-08 11:21:51.250 [restartedMain] INFO  s.d.s.w.r.operation.CachingOperationNameGenerator - Generating unique operation named: ConditionQueryUsingGET_10
2020-06-08 11:21:51.252 [restartedMain] INFO  s.d.s.w.r.operation.CachingOperationNameGenerator - Generating unique operation named: getAllUsingGET_10
2020-06-08 11:21:51.257 [restartedMain] INFO  s.d.s.w.r.operation.CachingOperationNameGenerator - Generating unique operation named: ConditionQueryUsingGET_11
2020-06-08 11:21:51.258 [restartedMain] INFO  s.d.s.w.r.operation.CachingOperationNameGenerator - Generating unique operation named: getAllUsingGET_11
2020-06-08 11:21:51.264 [restartedMain] INFO  s.d.s.w.r.operation.CachingOperationNameGenerator - Generating unique operation named: ConditionQueryUsingGET_12
2020-06-08 11:21:51.273 [restartedMain] INFO  s.d.s.w.r.operation.CachingOperationNameGenerator - Generating unique operation named: conditionQueryUsingGET_1
2020-06-08 11:21:51.275 [restartedMain] INFO  s.d.s.w.r.operation.CachingOperationNameGenerator - Generating unique operation named: ConditionQueryUsingGET_13
2020-06-08 11:21:51.285 [restartedMain] INFO  s.d.s.w.r.operation.CachingOperationNameGenerator - Generating unique operation named: ConditionQueryUsingGET_14
2020-06-08 11:21:51.288 [restartedMain] INFO  s.d.s.w.r.operation.CachingOperationNameGenerator - Generating unique operation named: conditionQueryUsingGET_2
2020-06-08 11:21:51.290 [restartedMain] INFO  s.d.s.w.r.operation.CachingOperationNameGenerator - Generating unique operation named: ConditionQueryUsingGET_15
2020-06-08 11:21:51.314 [restartedMain] INFO  org.apache.coyote.http11.Http11NioProtocol - Starting ProtocolHandler ["http-nio-8080"]
2020-06-08 11:21:51.339 [restartedMain] INFO  o.s.boot.web.embedded.tomcat.TomcatWebServer - Tomcat started on port(s): 8080 (http) with context path ''
2020-06-08 11:21:51.344 [restartedMain] INFO  com.prescription.memory.MemoryApplication - Started MemoryApplication in 6.816 seconds (JVM running for 8.344)
2020-06-08 11:21:56.348 [http-nio-8080-exec-1] INFO  o.a.c.core.ContainerBase.[Tomcat].[localhost].[/] - Initializing Spring DispatcherServlet 'dispatcherServlet'
2020-06-08 11:21:56.349 [http-nio-8080-exec-1] INFO  org.springframework.web.servlet.DispatcherServlet - Initializing Servlet 'dispatcherServlet'
2020-06-08 11:21:56.363 [http-nio-8080-exec-1] INFO  org.springframework.web.servlet.DispatcherServlet - Completed initialization in 13 ms
2020-06-08 11:22:24.446 [http-nio-8080-exec-5] INFO  com.alibaba.druid.pool.DruidDataSource - {dataSource-1} inited
2020-06-08 11:22:26.060 [http-nio-8080-exec-5] DEBUG com.prescription.memory.dao.ZyyjUserDao.selectOne - ==>  Preparing: SELECT user_id,post_id,department_id,name,realname,password,phone,email,gender,status,photo,college_id FROM zyyj_user WHERE (name = ? AND password = ? AND post_id = ?) 
2020-06-08 11:22:26.109 [http-nio-8080-exec-5] DEBUG com.prescription.memory.dao.ZyyjUserDao.selectOne - ==> Parameters: 2018081164(String), cuit2018081164(String), 2(Integer)
2020-06-08 11:22:26.222 [http-nio-8080-exec-5] DEBUG com.prescription.memory.dao.ZyyjUserDao.selectOne - <==      Total: 1
2020-06-08 11:22:46.272 [http-nio-8080-exec-10] DEBUG c.p.memory.dao.ZyyjCheckpointDao.selectList - ==>  Preparing: SELECT checkpoint_id,name,programme_id,limit_time,question_num,total_score,pass_score,comment FROM zyyj_checkpoint 
2020-06-08 11:22:46.273 [http-nio-8080-exec-10] DEBUG c.p.memory.dao.ZyyjCheckpointDao.selectList - ==> Parameters: 
2020-06-08 11:22:46.349 [http-nio-8080-exec-10] DEBUG c.p.memory.dao.ZyyjCheckpointDao.selectList - <==      Total: 5
2020-06-08 11:32:32.433 [Thread-4] INFO  o.s.scheduling.concurrent.ThreadPoolTaskExecutor - Shutting down ExecutorService 'applicationTaskExecutor'
2020-06-08 11:32:32.465 [Thread-4] INFO  com.alibaba.druid.pool.DruidDataSource - {dataSource-1} closed
2020-06-08 11:32:33.713 [restartedMain] INFO  com.prescription.memory.MemoryApplication - Starting MemoryApplication on DESKTOP-TQ2T3C2 with PID 6020 (C:\Users\admin\Desktop\memory\target\classes started by admin in C:\Users\admin\Desktop\memory)
2020-06-08 11:32:33.714 [restartedMain] INFO  com.prescription.memory.MemoryApplication - The following profiles are active: prov
2020-06-08 11:32:35.629 [restartedMain] INFO  o.s.d.r.config.RepositoryConfigurationDelegate - Multiple Spring Data modules found, entering strict repository configuration mode!
2020-06-08 11:32:35.630 [restartedMain] INFO  o.s.d.r.config.RepositoryConfigurationDelegate - Bootstrapping Spring Data Redis repositories in DEFAULT mode.
2020-06-08 11:32:35.911 [restartedMain] INFO  o.s.d.r.config.RepositoryConfigurationDelegate - Finished Spring Data repository scanning in 278ms. Found 0 Redis repository interfaces.
2020-06-08 11:32:36.339 [restartedMain] INFO  o.s.boot.web.embedded.tomcat.TomcatWebServer - Tomcat initialized with port(s): 8080 (http)
2020-06-08 11:32:36.339 [restartedMain] INFO  org.apache.coyote.http11.Http11NioProtocol - Initializing ProtocolHandler ["http-nio-8080"]
2020-06-08 11:32:36.341 [restartedMain] INFO  org.apache.catalina.core.StandardService - Starting service [Tomcat]
2020-06-08 11:32:36.341 [restartedMain] INFO  org.apache.catalina.core.StandardEngine - Starting Servlet engine: [Apache Tomcat/9.0.33]
2020-06-08 11:32:36.452 [restartedMain] INFO  o.a.c.core.ContainerBase.[Tomcat].[localhost].[/] - Initializing Spring embedded WebApplicationContext
2020-06-08 11:32:36.452 [restartedMain] INFO  org.springframework.web.context.ContextLoader - Root WebApplicationContext: initialization completed in 2729 ms
2020-06-08 11:32:40.080 [restartedMain] INFO  s.d.s.w.PropertySourcedRequestMappingHandlerMapping - Mapped URL path [/v2/api-docs] onto method [springfox.documentation.swagger2.web.Swagger2Controller#getDocumentation(String, HttpServletRequest)]
2020-06-08 11:32:40.233 [restartedMain] INFO  o.s.scheduling.concurrent.ThreadPoolTaskExecutor - Initializing ExecutorService 'applicationTaskExecutor'
2020-06-08 11:32:40.258 [restartedMain] INFO  o.s.b.d.autoconfigure.OptionalLiveReloadServer - LiveReload server is running on port 35729
2020-06-08 11:32:40.929 [restartedMain] INFO  s.d.s.web.plugins.DocumentationPluginsBootstrapper - Context refreshed
2020-06-08 11:32:40.931 [restartedMain] INFO  s.d.s.web.plugins.DocumentationPluginsBootstrapper - Found 1 custom documentation plugin(s)
2020-06-08 11:32:40.972 [restartedMain] INFO  s.d.spring.web.scanners.ApiListingReferenceScanner - Scanning for api listing references
2020-06-08 11:32:41.128 [restartedMain] INFO  s.d.s.w.r.operation.CachingOperationNameGenerator - Generating unique operation named: ConditionQueryUsingGET_1
2020-06-08 11:32:41.138 [restartedMain] INFO  s.d.s.w.r.operation.CachingOperationNameGenerator - Generating unique operation named: getAllUsingGET_1
2020-06-08 11:32:41.153 [restartedMain] INFO  s.d.s.w.r.operation.CachingOperationNameGenerator - Generating unique operation named: ConditionQueryUsingGET_2
2020-06-08 11:32:41.158 [restartedMain] INFO  s.d.s.w.r.operation.CachingOperationNameGenerator - Generating unique operation named: getAllUsingGET_2
2020-06-08 11:32:41.172 [restartedMain] INFO  s.d.s.w.r.operation.CachingOperationNameGenerator - Generating unique operation named: ConditionQueryUsingGET_3
2020-06-08 11:32:41.178 [restartedMain] INFO  s.d.s.w.r.operation.CachingOperationNameGenerator - Generating unique operation named: getAllUsingGET_3
2020-06-08 11:32:41.190 [restartedMain] INFO  s.d.s.w.r.operation.CachingOperationNameGenerator - Generating unique operation named: ConditionQueryUsingGET_4
2020-06-08 11:32:41.199 [restartedMain] INFO  s.d.s.w.r.operation.CachingOperationNameGenerator - Generating unique operation named: getAllUsingGET_4
2020-06-08 11:32:41.214 [restartedMain] INFO  s.d.s.w.r.operation.CachingOperationNameGenerator - Generating unique operation named: addDeptUsingPOST_1
2020-06-08 11:32:41.218 [restartedMain] INFO  s.d.s.w.r.operation.CachingOperationNameGenerator - Generating unique operation named: deleteDeptUsingDELETE_1
2020-06-08 11:32:41.220 [restartedMain] INFO  s.d.s.w.r.operation.CachingOperationNameGenerator - Generating unique operation named: getTreeUsingGET_1
2020-06-08 11:32:41.223 [restartedMain] INFO  s.d.s.w.r.operation.CachingOperationNameGenerator - Generating unique operation named: updateDeptUsingPUT_1
2020-06-08 11:32:41.230 [restartedMain] INFO  s.d.s.w.r.operation.CachingOperationNameGenerator - Generating unique operation named: ConditionQueryUsingGET_5
2020-06-08 11:32:41.234 [restartedMain] INFO  s.d.s.w.r.operation.CachingOperationNameGenerator - Generating unique operation named: getAllUsingGET_5
2020-06-08 11:32:41.247 [restartedMain] INFO  s.d.s.w.r.operation.CachingOperationNameGenerator - Generating unique operation named: ConditionQueryUsingGET_6
2020-06-08 11:32:41.252 [restartedMain] INFO  s.d.s.w.r.operation.CachingOperationNameGenerator - Generating unique operation named: getAllUsingGET_6
2020-06-08 11:32:41.274 [restartedMain] INFO  s.d.s.w.r.operation.CachingOperationNameGenerator - Generating unique operation named: ConditionQueryUsingGET_7
2020-06-08 11:32:41.278 [restartedMain] INFO  s.d.s.w.r.operation.CachingOperationNameGenerator - Generating unique operation named: getAllUsingGET_7
2020-06-08 11:32:41.291 [restartedMain] INFO  s.d.s.w.r.operation.CachingOperationNameGenerator - Generating unique operation named: ConditionQueryUsingGET_8
2020-06-08 11:32:41.299 [restartedMain] INFO  s.d.s.w.r.operation.CachingOperationNameGenerator - Generating unique operation named: getAllUsingGET_8
2020-06-08 11:32:41.312 [restartedMain] INFO  s.d.s.w.r.operation.CachingOperationNameGenerator - Generating unique operation named: ConditionQueryUsingGET_9
2020-06-08 11:32:41.317 [restartedMain] INFO  s.d.s.w.r.operation.CachingOperationNameGenerator - Generating unique operation named: getAllUsingGET_9
2020-06-08 11:32:41.330 [restartedMain] INFO  s.d.s.w.r.operation.CachingOperationNameGenerator - Generating unique operation named: ConditionQueryUsingGET_10
2020-06-08 11:32:41.337 [restartedMain] INFO  s.d.s.w.r.operation.CachingOperationNameGenerator - Generating unique operation named: getAllUsingGET_10
2020-06-08 11:32:41.355 [restartedMain] INFO  s.d.s.w.r.operation.CachingOperationNameGenerator - Generating unique operation named: ConditionQueryUsingGET_11
2020-06-08 11:32:41.360 [restartedMain] INFO  s.d.s.w.r.operation.CachingOperationNameGenerator - Generating unique operation named: getAllUsingGET_11
2020-06-08 11:32:41.375 [restartedMain] INFO  s.d.s.w.r.operation.CachingOperationNameGenerator - Generating unique operation named: ConditionQueryUsingGET_12
2020-06-08 11:32:41.400 [restartedMain] INFO  s.d.s.w.r.operation.CachingOperationNameGenerator - Generating unique operation named: conditionQueryUsingGET_1
2020-06-08 11:32:41.405 [restartedMain] INFO  s.d.s.w.r.operation.CachingOperationNameGenerator - Generating unique operation named: ConditionQueryUsingGET_13
2020-06-08 11:32:41.427 [restartedMain] INFO  s.d.s.w.r.operation.CachingOperationNameGenerator - Generating unique operation named: ConditionQueryUsingGET_14
2020-06-08 11:32:41.435 [restartedMain] INFO  s.d.s.w.r.operation.CachingOperationNameGenerator - Generating unique operation named: conditionQueryUsingGET_2
2020-06-08 11:32:41.439 [restartedMain] INFO  s.d.s.w.r.operation.CachingOperationNameGenerator - Generating unique operation named: ConditionQueryUsingGET_15
2020-06-08 11:32:41.476 [restartedMain] INFO  org.apache.coyote.http11.Http11NioProtocol - Starting ProtocolHandler ["http-nio-8080"]
2020-06-08 11:32:41.486 [restartedMain] INFO  o.s.boot.web.embedded.tomcat.TomcatWebServer - Tomcat started on port(s): 8080 (http) with context path ''
2020-06-08 11:32:41.487 [restartedMain] INFO  com.prescription.memory.MemoryApplication - Started MemoryApplication in 7.931 seconds (JVM running for 658.488)
2020-06-08 11:32:41.493 [restartedMain] INFO  o.s.b.d.a.ConditionEvaluationDeltaLoggingListener - Condition evaluation unchanged
2020-06-08 11:32:51.468 [http-nio-8080-exec-1] INFO  o.a.c.core.ContainerBase.[Tomcat].[localhost].[/] - Initializing Spring DispatcherServlet 'dispatcherServlet'
2020-06-08 11:32:51.469 [http-nio-8080-exec-1] INFO  org.springframework.web.servlet.DispatcherServlet - Initializing Servlet 'dispatcherServlet'
2020-06-08 11:32:51.472 [http-nio-8080-exec-1] INFO  org.springframework.web.servlet.DispatcherServlet - Completed initialization in 3 ms
2020-06-08 11:32:51.522 [http-nio-8080-exec-4] WARN  o.s.w.s.m.m.a.ExceptionHandlerExceptionResolver - Resolved [com.prescription.memory.error.BusinessException]
2020-06-08 13:17:42.950 [restartedMain] INFO  com.prescription.memory.MemoryApplication - Starting MemoryApplication on DESKTOP-TQ2T3C2 with PID 16884 (C:\Users\admin\Desktop\memory\target\classes started by admin in C:\Users\admin\Desktop\memory)
2020-06-08 13:17:42.954 [restartedMain] INFO  com.prescription.memory.MemoryApplication - The following profiles are active: dev
2020-06-08 13:17:43.031 [restartedMain] INFO  o.s.b.d.env.DevToolsPropertyDefaultsPostProcessor - Devtools property defaults active! Set 'spring.devtools.add-properties' to 'false' to disable
2020-06-08 13:17:43.031 [restartedMain] INFO  o.s.b.d.env.DevToolsPropertyDefaultsPostProcessor - For additional web related logging consider setting the 'logging.level.web' property to 'DEBUG'
2020-06-08 13:17:44.466 [restartedMain] INFO  o.s.d.r.config.RepositoryConfigurationDelegate - Multiple Spring Data modules found, entering strict repository configuration mode!
2020-06-08 13:17:44.468 [restartedMain] INFO  o.s.d.r.config.RepositoryConfigurationDelegate - Bootstrapping Spring Data Redis repositories in DEFAULT mode.
2020-06-08 13:17:44.593 [restartedMain] INFO  o.s.d.r.config.RepositoryConfigurationDelegate - Finished Spring Data repository scanning in 110ms. Found 0 Redis repository interfaces.
2020-06-08 13:17:45.389 [restartedMain] INFO  o.s.boot.web.embedded.tomcat.TomcatWebServer - Tomcat initialized with port(s): 8080 (http)
2020-06-08 13:17:45.400 [restartedMain] INFO  org.apache.coyote.http11.Http11NioProtocol - Initializing ProtocolHandler ["http-nio-8080"]
2020-06-08 13:17:45.402 [restartedMain] INFO  org.apache.catalina.core.StandardService - Starting service [Tomcat]
2020-06-08 13:17:45.402 [restartedMain] INFO  org.apache.catalina.core.StandardEngine - Starting Servlet engine: [Apache Tomcat/9.0.33]
2020-06-08 13:17:45.559 [restartedMain] INFO  o.a.c.core.ContainerBase.[Tomcat].[localhost].[/] - Initializing Spring embedded WebApplicationContext
2020-06-08 13:17:45.560 [restartedMain] INFO  org.springframework.web.context.ContextLoader - Root WebApplicationContext: initialization completed in 2529 ms
2020-06-08 13:17:48.324 [restartedMain] INFO  s.d.s.w.PropertySourcedRequestMappingHandlerMapping - Mapped URL path [/v2/api-docs] onto method [springfox.documentation.swagger2.web.Swagger2Controller#getDocumentation(String, HttpServletRequest)]
2020-06-08 13:17:48.438 [restartedMain] INFO  o.s.scheduling.concurrent.ThreadPoolTaskExecutor - Initializing ExecutorService 'applicationTaskExecutor'
2020-06-08 13:17:48.485 [restartedMain] INFO  o.s.b.d.autoconfigure.OptionalLiveReloadServer - LiveReload server is running on port 35729
2020-06-08 13:17:48.953 [restartedMain] INFO  s.d.s.web.plugins.DocumentationPluginsBootstrapper - Context refreshed
2020-06-08 13:17:48.966 [restartedMain] INFO  s.d.s.web.plugins.DocumentationPluginsBootstrapper - Found 1 custom documentation plugin(s)
2020-06-08 13:17:49.039 [restartedMain] INFO  s.d.spring.web.scanners.ApiListingReferenceScanner - Scanning for api listing references
2020-06-08 13:17:49.228 [restartedMain] INFO  s.d.s.w.r.operation.CachingOperationNameGenerator - Generating unique operation named: ConditionQueryUsingGET_1
2020-06-08 13:17:49.231 [restartedMain] INFO  s.d.s.w.r.operation.CachingOperationNameGenerator - Generating unique operation named: getAllUsingGET_1
2020-06-08 13:17:49.238 [restartedMain] INFO  s.d.s.w.r.operation.CachingOperationNameGenerator - Generating unique operation named: ConditionQueryUsingGET_2
2020-06-08 13:17:49.240 [restartedMain] INFO  s.d.s.w.r.operation.CachingOperationNameGenerator - Generating unique operation named: getAllUsingGET_2
2020-06-08 13:17:49.248 [restartedMain] INFO  s.d.s.w.r.operation.CachingOperationNameGenerator - Generating unique operation named: ConditionQueryUsingGET_3
2020-06-08 13:17:49.250 [restartedMain] INFO  s.d.s.w.r.operation.CachingOperationNameGenerator - Generating unique operation named: getAllUsingGET_3
2020-06-08 13:17:49.257 [restartedMain] INFO  s.d.s.w.r.operation.CachingOperationNameGenerator - Generating unique operation named: ConditionQueryUsingGET_4
2020-06-08 13:17:49.264 [restartedMain] INFO  s.d.s.w.r.operation.CachingOperationNameGenerator - Generating unique operation named: getAllUsingGET_4
2020-06-08 13:17:49.272 [restartedMain] INFO  s.d.s.w.r.operation.CachingOperationNameGenerator - Generating unique operation named: addDeptUsingPOST_1
2020-06-08 13:17:49.274 [restartedMain] INFO  s.d.s.w.r.operation.CachingOperationNameGenerator - Generating unique operation named: deleteDeptUsingDELETE_1
2020-06-08 13:17:49.275 [restartedMain] INFO  s.d.s.w.r.operation.CachingOperationNameGenerator - Generating unique operation named: getTreeUsingGET_1
2020-06-08 13:17:49.277 [restartedMain] INFO  s.d.s.w.r.operation.CachingOperationNameGenerator - Generating unique operation named: updateDeptUsingPUT_1
2020-06-08 13:17:49.279 [restartedMain] INFO  s.d.s.w.r.operation.CachingOperationNameGenerator - Generating unique operation named: ConditionQueryUsingGET_5
2020-06-08 13:17:49.281 [restartedMain] INFO  s.d.s.w.r.operation.CachingOperationNameGenerator - Generating unique operation named: getAllUsingGET_5
2020-06-08 13:17:49.286 [restartedMain] INFO  s.d.s.w.r.operation.CachingOperationNameGenerator - Generating unique operation named: ConditionQueryUsingGET_6
2020-06-08 13:17:49.289 [restartedMain] INFO  s.d.s.w.r.operation.CachingOperationNameGenerator - Generating unique operation named: getAllUsingGET_6
2020-06-08 13:17:49.297 [restartedMain] INFO  s.d.s.w.r.operation.CachingOperationNameGenerator - Generating unique operation named: ConditionQueryUsingGET_7
2020-06-08 13:17:49.299 [restartedMain] INFO  s.d.s.w.r.operation.CachingOperationNameGenerator - Generating unique operation named: getAllUsingGET_7
2020-06-08 13:17:49.305 [restartedMain] INFO  s.d.s.w.r.operation.CachingOperationNameGenerator - Generating unique operation named: ConditionQueryUsingGET_8
2020-06-08 13:17:49.308 [restartedMain] INFO  s.d.s.w.r.operation.CachingOperationNameGenerator - Generating unique operation named: getAllUsingGET_8
2020-06-08 13:17:49.313 [restartedMain] INFO  s.d.s.w.r.operation.CachingOperationNameGenerator - Generating unique operation named: ConditionQueryUsingGET_9
2020-06-08 13:17:49.315 [restartedMain] INFO  s.d.s.w.r.operation.CachingOperationNameGenerator - Generating unique operation named: getAllUsingGET_9
2020-06-08 13:17:49.321 [restartedMain] INFO  s.d.s.w.r.operation.CachingOperationNameGenerator - Generating unique operation named: ConditionQueryUsingGET_10
2020-06-08 13:17:49.323 [restartedMain] INFO  s.d.s.w.r.operation.CachingOperationNameGenerator - Generating unique operation named: getAllUsingGET_10
2020-06-08 13:17:49.329 [restartedMain] INFO  s.d.s.w.r.operation.CachingOperationNameGenerator - Generating unique operation named: ConditionQueryUsingGET_11
2020-06-08 13:17:49.331 [restartedMain] INFO  s.d.s.w.r.operation.CachingOperationNameGenerator - Generating unique operation named: getAllUsingGET_11
2020-06-08 13:17:49.337 [restartedMain] INFO  s.d.s.w.r.operation.CachingOperationNameGenerator - Generating unique operation named: ConditionQueryUsingGET_12
2020-06-08 13:17:49.345 [restartedMain] INFO  s.d.s.w.r.operation.CachingOperationNameGenerator - Generating unique operation named: conditionQueryUsingGET_1
2020-06-08 13:17:49.347 [restartedMain] INFO  s.d.s.w.r.operation.CachingOperationNameGenerator - Generating unique operation named: ConditionQueryUsingGET_13
2020-06-08 13:17:49.358 [restartedMain] INFO  s.d.s.w.r.operation.CachingOperationNameGenerator - Generating unique operation named: ConditionQueryUsingGET_14
2020-06-08 13:17:49.361 [restartedMain] INFO  s.d.s.w.r.operation.CachingOperationNameGenerator - Generating unique operation named: conditionQueryUsingGET_2
2020-06-08 13:17:49.363 [restartedMain] INFO  s.d.s.w.r.operation.CachingOperationNameGenerator - Generating unique operation named: ConditionQueryUsingGET_15
2020-06-08 13:17:49.387 [restartedMain] INFO  org.apache.coyote.http11.Http11NioProtocol - Starting ProtocolHandler ["http-nio-8080"]
2020-06-08 13:17:49.414 [restartedMain] INFO  o.s.boot.web.embedded.tomcat.TomcatWebServer - Tomcat started on port(s): 8080 (http) with context path ''
2020-06-08 13:17:49.418 [restartedMain] INFO  com.prescription.memory.MemoryApplication - Started MemoryApplication in 7.316 seconds (JVM running for 8.96)
2020-06-08 13:18:32.075 [http-nio-8080-exec-1] INFO  o.a.c.core.ContainerBase.[Tomcat].[localhost].[/] - Initializing Spring DispatcherServlet 'dispatcherServlet'
2020-06-08 13:18:32.079 [http-nio-8080-exec-1] INFO  org.springframework.web.servlet.DispatcherServlet - Initializing Servlet 'dispatcherServlet'
2020-06-08 13:18:32.096 [http-nio-8080-exec-1] INFO  org.springframework.web.servlet.DispatcherServlet - Completed initialization in 17 ms
2020-06-08 13:19:59.157 [http-nio-8080-exec-5] INFO  com.alibaba.druid.pool.DruidDataSource - {dataSource-1} inited
2020-06-08 13:19:59.485 [http-nio-8080-exec-5] DEBUG c.p.memory.dao.ZyyjStudentDao.selectById - ==>  Preparing: SELECT stu_id,class_id,name,password,gender,is_now,email,phone,account,photo,status,grade_id,major_id,college_id,university_id FROM zyyj_student WHERE stu_id=? 
2020-06-08 13:19:59.541 [http-nio-8080-exec-5] DEBUG c.p.memory.dao.ZyyjStudentDao.selectById - ==> Parameters: 3(Integer)
2020-06-08 13:19:59.638 [http-nio-8080-exec-5] DEBUG c.p.memory.dao.ZyyjStudentDao.selectById - <==      Total: 1
2020-06-08 13:19:59.706 [http-nio-8080-exec-5] DEBUG c.p.memory.dao.ZyyjStudentDao.updateById - ==>  Preparing: UPDATE zyyj_student SET class_id=?, name=?, password=?, gender=?, is_now=?, email=?, phone=?, account=?, photo=?, status=?, grade_id=?, major_id=?, college_id=?, university_id=? WHERE stu_id=? 
2020-06-08 13:19:59.707 [http-nio-8080-exec-5] DEBUG c.p.memory.dao.ZyyjStudentDao.updateById - ==> Parameters: 2(Integer), (String), cuit2018081165(String), 1(Integer), 1(Integer), 2847163829@qq.com(String), 18625311590(String), 2018081165(String), http://5b0988e595225.cdn.sohucs.com/images/20170926/c2b28d0d6878419aa79315ad6bcd9880.jpeg(String), 1(Integer), 1(Integer), 1(Integer), 1(Integer), 1(Integer), 3(Integer)
2020-06-08 13:19:59.750 [http-nio-8080-exec-5] DEBUG c.p.memory.dao.ZyyjStudentDao.updateById - <==    Updates: 1
2020-06-08 13:21:46.571 [http-nio-8080-exec-6] DEBUG c.p.memory.dao.ZyyjStudentDao.selectById - ==>  Preparing: SELECT stu_id,class_id,name,password,gender,is_now,email,phone,account,photo,status,grade_id,major_id,college_id,university_id FROM zyyj_student WHERE stu_id=? 
2020-06-08 13:21:46.572 [http-nio-8080-exec-6] DEBUG c.p.memory.dao.ZyyjStudentDao.selectById - ==> Parameters: 3(Integer)
2020-06-08 13:21:46.577 [http-nio-8080-exec-6] DEBUG c.p.memory.dao.ZyyjStudentDao.selectById - <==      Total: 1
2020-06-08 13:21:46.584 [http-nio-8080-exec-6] DEBUG c.p.memory.dao.ZyyjStudentDao.updateById - ==>  Preparing: UPDATE zyyj_student SET class_id=?, name=?, password=?, gender=?, is_now=?, email=?, phone=?, account=?, photo=?, status=?, grade_id=?, major_id=?, college_id=?, university_id=? WHERE stu_id=? 
2020-06-08 13:21:46.586 [http-nio-8080-exec-6] DEBUG c.p.memory.dao.ZyyjStudentDao.updateById - ==> Parameters: 2(Integer), (String), cuit2018081165(String), 1(Integer), 1(Integer), 2847163829@qq.com(String), 18625311590(String), 2018081165(String), http://5b0988e595225.cdn.sohucs.com/images/20170926/c2b28d0d6878419aa79315ad6bcd9880.jpeg(String), 1(Integer), 1(Integer), 1(Integer), 1(Integer), 1(Integer), 3(Integer)
2020-06-08 13:21:46.653 [http-nio-8080-exec-6] DEBUG c.p.memory.dao.ZyyjStudentDao.updateById - <==    Updates: 1
2020-06-08 13:22:54.053 [http-nio-8080-exec-8] DEBUG c.prescription.memory.dao.AppStuDao.getPersonInfo - ==>  Preparing: SELECT a.name AS stuName, a.account, b.name AS collegeName, c.name AS majorName, d.name AS className, a.photo FROM zyyj_student a LEFT JOIN zyyj_college b ON a.college_id = b.college_id LEFT JOIN zyyj_major c ON a.major_id = c.major_id LEFT JOIN zyyj_class d ON a.class_id = d.class_id WHERE a.stu_id = ? 
2020-06-08 13:22:54.054 [http-nio-8080-exec-8] DEBUG c.prescription.memory.dao.AppStuDao.getPersonInfo - ==> Parameters: 3(Integer)
2020-06-08 13:22:54.214 [http-nio-8080-exec-8] DEBUG c.prescription.memory.dao.AppStuDao.getPersonInfo - <==      Total: 1
2020-06-08 13:24:13.094 [restartedMain] INFO  com.prescription.memory.MemoryApplication - Starting MemoryApplication on DESKTOP-TQ2T3C2 with PID 5812 (C:\Users\admin\Desktop\memory\target\classes started by admin in C:\Users\admin\Desktop\memory)
2020-06-08 13:24:13.098 [restartedMain] INFO  com.prescription.memory.MemoryApplication - The following profiles are active: prov
2020-06-08 13:24:13.169 [restartedMain] INFO  o.s.b.d.env.DevToolsPropertyDefaultsPostProcessor - Devtools property defaults active! Set 'spring.devtools.add-properties' to 'false' to disable
2020-06-08 13:24:13.169 [restartedMain] INFO  o.s.b.d.env.DevToolsPropertyDefaultsPostProcessor - For additional web related logging consider setting the 'logging.level.web' property to 'DEBUG'
2020-06-08 13:24:14.548 [restartedMain] INFO  o.s.d.r.config.RepositoryConfigurationDelegate - Multiple Spring Data modules found, entering strict repository configuration mode!
2020-06-08 13:24:14.550 [restartedMain] INFO  o.s.d.r.config.RepositoryConfigurationDelegate - Bootstrapping Spring Data Redis repositories in DEFAULT mode.
2020-06-08 13:24:14.672 [restartedMain] INFO  o.s.d.r.config.RepositoryConfigurationDelegate - Finished Spring Data repository scanning in 108ms. Found 0 Redis repository interfaces.
2020-06-08 13:24:15.447 [restartedMain] INFO  o.s.boot.web.embedded.tomcat.TomcatWebServer - Tomcat initialized with port(s): 8080 (http)
2020-06-08 13:24:15.457 [restartedMain] INFO  org.apache.coyote.http11.Http11NioProtocol - Initializing ProtocolHandler ["http-nio-8080"]
2020-06-08 13:24:15.457 [restartedMain] INFO  org.apache.catalina.core.StandardService - Starting service [Tomcat]
2020-06-08 13:24:15.457 [restartedMain] INFO  org.apache.catalina.core.StandardEngine - Starting Servlet engine: [Apache Tomcat/9.0.33]
2020-06-08 13:24:15.611 [restartedMain] INFO  o.a.c.core.ContainerBase.[Tomcat].[localhost].[/] - Initializing Spring embedded WebApplicationContext
2020-06-08 13:24:15.612 [restartedMain] INFO  org.springframework.web.context.ContextLoader - Root WebApplicationContext: initialization completed in 2443 ms
2020-06-08 13:24:18.288 [restartedMain] INFO  s.d.s.w.PropertySourcedRequestMappingHandlerMapping - Mapped URL path [/v2/api-docs] onto method [springfox.documentation.swagger2.web.Swagger2Controller#getDocumentation(String, HttpServletRequest)]
2020-06-08 13:24:18.399 [restartedMain] INFO  o.s.scheduling.concurrent.ThreadPoolTaskExecutor - Initializing ExecutorService 'applicationTaskExecutor'
2020-06-08 13:24:18.437 [restartedMain] INFO  o.s.b.d.autoconfigure.OptionalLiveReloadServer - LiveReload server is running on port 35729
2020-06-08 13:24:18.923 [restartedMain] INFO  s.d.s.web.plugins.DocumentationPluginsBootstrapper - Context refreshed
2020-06-08 13:24:18.938 [restartedMain] INFO  s.d.s.web.plugins.DocumentationPluginsBootstrapper - Found 1 custom documentation plugin(s)
2020-06-08 13:24:18.997 [restartedMain] INFO  s.d.spring.web.scanners.ApiListingReferenceScanner - Scanning for api listing references
2020-06-08 13:24:19.186 [restartedMain] INFO  s.d.s.w.r.operation.CachingOperationNameGenerator - Generating unique operation named: ConditionQueryUsingGET_1
2020-06-08 13:24:19.189 [restartedMain] INFO  s.d.s.w.r.operation.CachingOperationNameGenerator - Generating unique operation named: getAllUsingGET_1
2020-06-08 13:24:19.195 [restartedMain] INFO  s.d.s.w.r.operation.CachingOperationNameGenerator - Generating unique operation named: ConditionQueryUsingGET_2
2020-06-08 13:24:19.198 [restartedMain] INFO  s.d.s.w.r.operation.CachingOperationNameGenerator - Generating unique operation named: getAllUsingGET_2
2020-06-08 13:24:19.205 [restartedMain] INFO  s.d.s.w.r.operation.CachingOperationNameGenerator - Generating unique operation named: ConditionQueryUsingGET_3
2020-06-08 13:24:19.208 [restartedMain] INFO  s.d.s.w.r.operation.CachingOperationNameGenerator - Generating unique operation named: getAllUsingGET_3
2020-06-08 13:24:19.214 [restartedMain] INFO  s.d.s.w.r.operation.CachingOperationNameGenerator - Generating unique operation named: ConditionQueryUsingGET_4
2020-06-08 13:24:19.220 [restartedMain] INFO  s.d.s.w.r.operation.CachingOperationNameGenerator - Generating unique operation named: getAllUsingGET_4
2020-06-08 13:24:19.227 [restartedMain] INFO  s.d.s.w.r.operation.CachingOperationNameGenerator - Generating unique operation named: addDeptUsingPOST_1
2020-06-08 13:24:19.227 [restartedMain] INFO  s.d.s.w.r.operation.CachingOperationNameGenerator - Generating unique operation named: deleteDeptUsingDELETE_1
2020-06-08 13:24:19.228 [restartedMain] INFO  s.d.s.w.r.operation.CachingOperationNameGenerator - Generating unique operation named: getTreeUsingGET_1
2020-06-08 13:24:19.230 [restartedMain] INFO  s.d.s.w.r.operation.CachingOperationNameGenerator - Generating unique operation named: updateDeptUsingPUT_1
2020-06-08 13:24:19.232 [restartedMain] INFO  s.d.s.w.r.operation.CachingOperationNameGenerator - Generating unique operation named: ConditionQueryUsingGET_5
2020-06-08 13:24:19.235 [restartedMain] INFO  s.d.s.w.r.operation.CachingOperationNameGenerator - Generating unique operation named: getAllUsingGET_5
2020-06-08 13:24:19.240 [restartedMain] INFO  s.d.s.w.r.operation.CachingOperationNameGenerator - Generating unique operation named: ConditionQueryUsingGET_6
2020-06-08 13:24:19.243 [restartedMain] INFO  s.d.s.w.r.operation.CachingOperationNameGenerator - Generating unique operation named: getAllUsingGET_6
2020-06-08 13:24:19.251 [restartedMain] INFO  s.d.s.w.r.operation.CachingOperationNameGenerator - Generating unique operation named: ConditionQueryUsingGET_7
2020-06-08 13:24:19.253 [restartedMain] INFO  s.d.s.w.r.operation.CachingOperationNameGenerator - Generating unique operation named: getAllUsingGET_7
2020-06-08 13:24:19.262 [restartedMain] INFO  s.d.s.w.r.operation.CachingOperationNameGenerator - Generating unique operation named: ConditionQueryUsingGET_8
2020-06-08 13:24:19.265 [restartedMain] INFO  s.d.s.w.r.operation.CachingOperationNameGenerator - Generating unique operation named: getAllUsingGET_8
2020-06-08 13:24:19.271 [restartedMain] INFO  s.d.s.w.r.operation.CachingOperationNameGenerator - Generating unique operation named: ConditionQueryUsingGET_9
2020-06-08 13:24:19.273 [restartedMain] INFO  s.d.s.w.r.operation.CachingOperationNameGenerator - Generating unique operation named: getAllUsingGET_9
2020-06-08 13:24:19.283 [restartedMain] INFO  s.d.s.w.r.operation.CachingOperationNameGenerator - Generating unique operation named: ConditionQueryUsingGET_10
2020-06-08 13:24:19.285 [restartedMain] INFO  s.d.s.w.r.operation.CachingOperationNameGenerator - Generating unique operation named: getAllUsingGET_10
2020-06-08 13:24:19.291 [restartedMain] INFO  s.d.s.w.r.operation.CachingOperationNameGenerator - Generating unique operation named: ConditionQueryUsingGET_11
2020-06-08 13:24:19.294 [restartedMain] INFO  s.d.s.w.r.operation.CachingOperationNameGenerator - Generating unique operation named: getAllUsingGET_11
2020-06-08 13:24:19.300 [restartedMain] INFO  s.d.s.w.r.operation.CachingOperationNameGenerator - Generating unique operation named: ConditionQueryUsingGET_12
2020-06-08 13:24:19.309 [restartedMain] INFO  s.d.s.w.r.operation.CachingOperationNameGenerator - Generating unique operation named: conditionQueryUsingGET_1
2020-06-08 13:24:19.311 [restartedMain] INFO  s.d.s.w.r.operation.CachingOperationNameGenerator - Generating unique operation named: ConditionQueryUsingGET_13
2020-06-08 13:24:19.322 [restartedMain] INFO  s.d.s.w.r.operation.CachingOperationNameGenerator - Generating unique operation named: ConditionQueryUsingGET_14
2020-06-08 13:24:19.325 [restartedMain] INFO  s.d.s.w.r.operation.CachingOperationNameGenerator - Generating unique operation named: conditionQueryUsingGET_2
2020-06-08 13:24:19.327 [restartedMain] INFO  s.d.s.w.r.operation.CachingOperationNameGenerator - Generating unique operation named: ConditionQueryUsingGET_15
2020-06-08 13:24:19.351 [restartedMain] INFO  org.apache.coyote.http11.Http11NioProtocol - Starting ProtocolHandler ["http-nio-8080"]
2020-06-08 13:24:19.376 [restartedMain] INFO  o.s.boot.web.embedded.tomcat.TomcatWebServer - Tomcat started on port(s): 8080 (http) with context path ''
2020-06-08 13:24:19.380 [restartedMain] INFO  com.prescription.memory.MemoryApplication - Started MemoryApplication in 7.075 seconds (JVM running for 8.63)
2020-06-08 13:24:35.924 [http-nio-8080-exec-1] INFO  o.a.c.core.ContainerBase.[Tomcat].[localhost].[/] - Initializing Spring DispatcherServlet 'dispatcherServlet'
2020-06-08 13:24:35.927 [http-nio-8080-exec-1] INFO  org.springframework.web.servlet.DispatcherServlet - Initializing Servlet 'dispatcherServlet'
2020-06-08 13:24:35.943 [http-nio-8080-exec-1] INFO  org.springframework.web.servlet.DispatcherServlet - Completed initialization in 16 ms
2020-06-08 13:24:48.474 [http-nio-8080-exec-7] INFO  com.alibaba.druid.pool.DruidDataSource - {dataSource-1} inited
2020-06-08 13:24:50.370 [http-nio-8080-exec-7] DEBUG c.p.memory.dao.ZyyjStudentDao.selectById - ==>  Preparing: SELECT stu_id,class_id,name,password,gender,is_now,email,phone,account,photo,status,grade_id,major_id,college_id,university_id FROM zyyj_student WHERE stu_id=? 
2020-06-08 13:24:50.418 [http-nio-8080-exec-7] DEBUG c.p.memory.dao.ZyyjStudentDao.selectById - ==> Parameters: 3(Integer)
2020-06-08 13:24:50.545 [http-nio-8080-exec-7] DEBUG c.p.memory.dao.ZyyjStudentDao.selectById - <==      Total: 1
2020-06-08 13:24:50.619 [http-nio-8080-exec-7] DEBUG c.p.memory.dao.ZyyjStudentDao.updateById - ==>  Preparing: UPDATE zyyj_student SET class_id=?, name=?, password=?, gender=?, is_now=?, email=?, phone=?, account=?, photo=?, status=?, grade_id=?, major_id=?, college_id=?, university_id=? WHERE stu_id=? 
2020-06-08 13:24:50.623 [http-nio-8080-exec-7] DEBUG c.p.memory.dao.ZyyjStudentDao.updateById - ==> Parameters: 2(Integer), (String), cuit2018081165(String), 1(Integer), 1(Integer), 2847163829@qq.com(String), 18625311590(String), 2018081165(String), http://5b0988e595225.cdn.sohucs.com/images/20170926/c2b28d0d6878419aa79315ad6bcd9880.jpeg(String), 1(Integer), 1(Integer), 1(Integer), 2(Integer), 1(Integer), 3(Integer)
2020-06-08 13:24:50.755 [http-nio-8080-exec-7] DEBUG c.p.memory.dao.ZyyjStudentDao.updateById - <==    Updates: 1
2020-06-08 13:25:07.209 [http-nio-8080-exec-10] DEBUG c.prescription.memory.dao.AppStuDao.getPersonInfo - ==>  Preparing: SELECT a.name AS stuName, a.account, b.name AS collegeName, c.name AS majorName, d.name AS className, a.photo FROM zyyj_student a LEFT JOIN zyyj_college b ON a.college_id = b.college_id LEFT JOIN zyyj_major c ON a.major_id = c.major_id LEFT JOIN zyyj_class d ON a.class_id = d.class_id WHERE a.stu_id = ? 
2020-06-08 13:25:07.211 [http-nio-8080-exec-10] DEBUG c.prescription.memory.dao.AppStuDao.getPersonInfo - ==> Parameters: 3(Integer)
2020-06-08 13:25:07.276 [http-nio-8080-exec-10] DEBUG c.prescription.memory.dao.AppStuDao.getPersonInfo - <==      Total: 1
