2020-05-29 15:09:30.093 [restartedMain] INFO  com.prescription.memory.MemoryApplication - Starting MemoryApplication on DESKTOP-TQ2T3C2 with PID 6584 (D:\idea\memory\target\classes started by admin in D:\idea\memory)
2020-05-29 15:09:30.098 [restartedMain] INFO  com.prescription.memory.MemoryApplication - The following profiles are active: dev
2020-05-29 15:09:30.291 [restartedMain] INFO  o.s.b.d.env.DevToolsPropertyDefaultsPostProcessor - Devtools property defaults active! Set 'spring.devtools.add-properties' to 'false' to disable
2020-05-29 15:09:30.291 [restartedMain] INFO  o.s.b.d.env.DevToolsPropertyDefaultsPostProcessor - For additional web related logging consider setting the 'logging.level.web' property to 'DEBUG'
2020-05-29 15:09:35.989 [restartedMain] INFO  o.s.boot.web.embedded.tomcat.TomcatWebServer - Tomcat initialized with port(s): 8080 (http)
2020-05-29 15:09:36.012 [restartedMain] INFO  org.apache.coyote.http11.Http11NioProtocol - Initializing ProtocolHandler ["http-nio-8080"]
2020-05-29 15:09:36.014 [restartedMain] INFO  org.apache.catalina.core.StandardService - Starting service [Tomcat]
2020-05-29 15:09:36.015 [restartedMain] INFO  org.apache.catalina.core.StandardEngine - Starting Servlet engine: [Apache Tomcat/9.0.33]
2020-05-29 15:09:36.257 [restartedMain] INFO  o.a.c.core.ContainerBase.[Tomcat].[localhost].[/] - Initializing Spring embedded WebApplicationContext
2020-05-29 15:09:36.257 [restartedMain] INFO  org.springframework.web.context.ContextLoader - Root WebApplicationContext: initialization completed in 5966 ms
2020-05-29 15:09:41.225 [restartedMain] INFO  s.d.s.w.PropertySourcedRequestMappingHandlerMapping - Mapped URL path [/v2/api-docs] onto method [springfox.documentation.swagger2.web.Swagger2Controller#getDocumentation(String, HttpServletRequest)]
2020-05-29 15:09:41.413 [restartedMain] INFO  o.s.scheduling.concurrent.ThreadPoolTaskExecutor - Initializing ExecutorService 'applicationTaskExecutor'
2020-05-29 15:09:41.523 [restartedMain] INFO  o.s.b.d.autoconfigure.OptionalLiveReloadServer - LiveReload server is running on port 35729
2020-05-29 15:09:41.897 [restartedMain] INFO  s.d.s.web.plugins.DocumentationPluginsBootstrapper - Context refreshed
2020-05-29 15:09:41.930 [restartedMain] INFO  s.d.s.web.plugins.DocumentationPluginsBootstrapper - Found 1 custom documentation plugin(s)
2020-05-29 15:09:42.060 [restartedMain] INFO  s.d.spring.web.scanners.ApiListingReferenceScanner - Scanning for api listing references
2020-05-29 15:09:42.338 [restartedMain] INFO  s.d.s.w.r.operation.CachingOperationNameGenerator - Generating unique operation named: ConditionQueryUsingGET_1
2020-05-29 15:09:42.349 [restartedMain] INFO  s.d.s.w.r.operation.CachingOperationNameGenerator - Generating unique operation named: ConditionQueryUsingGET_2
2020-05-29 15:09:42.359 [restartedMain] INFO  s.d.s.w.r.operation.CachingOperationNameGenerator - Generating unique operation named: ConditionQueryUsingGET_3
2020-05-29 15:09:42.370 [restartedMain] INFO  s.d.s.w.r.operation.CachingOperationNameGenerator - Generating unique operation named: ConditionQueryUsingGET_4
2020-05-29 15:09:42.378 [restartedMain] INFO  s.d.s.w.r.operation.CachingOperationNameGenerator - Generating unique operation named: selectByPageUsingGET_1
2020-05-29 15:09:42.388 [restartedMain] INFO  s.d.s.w.r.operation.CachingOperationNameGenerator - Generating unique operation named: addDeptUsingPOST_1
2020-05-29 15:09:42.390 [restartedMain] INFO  s.d.s.w.r.operation.CachingOperationNameGenerator - Generating unique operation named: deleteDeptUsingDELETE_1
2020-05-29 15:09:42.392 [restartedMain] INFO  s.d.s.w.r.operation.CachingOperationNameGenerator - Generating unique operation named: getTreeUsingGET_1
2020-05-29 15:09:42.394 [restartedMain] INFO  s.d.s.w.r.operation.CachingOperationNameGenerator - Generating unique operation named: selectByPageUsingGET_2
2020-05-29 15:09:42.397 [restartedMain] INFO  s.d.s.w.r.operation.CachingOperationNameGenerator - Generating unique operation named: updateDeptUsingPUT_1
2020-05-29 15:09:42.398 [restartedMain] INFO  s.d.s.w.r.operation.CachingOperationNameGenerator - Generating unique operation named: ConditionQueryUsingGET_5
2020-05-29 15:09:42.406 [restartedMain] INFO  s.d.s.w.r.operation.CachingOperationNameGenerator - Generating unique operation named: selectByPageUsingGET_3
2020-05-29 15:09:42.409 [restartedMain] INFO  s.d.s.w.r.operation.CachingOperationNameGenerator - Generating unique operation named: ConditionQueryUsingGET_6
2020-05-29 15:09:42.415 [restartedMain] INFO  s.d.s.w.r.operation.CachingOperationNameGenerator - Generating unique operation named: selectByPageUsingGET_4
2020-05-29 15:09:42.422 [restartedMain] INFO  s.d.s.w.r.operation.CachingOperationNameGenerator - Generating unique operation named: selectByPageUsingGET_5
2020-05-29 15:09:42.425 [restartedMain] INFO  s.d.s.w.r.operation.CachingOperationNameGenerator - Generating unique operation named: ConditionQueryUsingGET_7
2020-05-29 15:09:42.435 [restartedMain] INFO  s.d.s.w.r.operation.CachingOperationNameGenerator - Generating unique operation named: ConditionQueryUsingGET_8
2020-05-29 15:09:42.444 [restartedMain] INFO  s.d.s.w.r.operation.CachingOperationNameGenerator - Generating unique operation named: ConditionQueryUsingGET_9
2020-05-29 15:09:42.457 [restartedMain] INFO  s.d.s.w.r.operation.CachingOperationNameGenerator - Generating unique operation named: ConditionQueryUsingGET_10
2020-05-29 15:09:42.465 [restartedMain] INFO  s.d.s.w.r.operation.CachingOperationNameGenerator - Generating unique operation named: ConditionQueryUsingGET_11
2020-05-29 15:09:42.472 [restartedMain] INFO  s.d.s.w.r.operation.CachingOperationNameGenerator - Generating unique operation named: selectByPageUsingGET_6
2020-05-29 15:09:42.476 [restartedMain] INFO  s.d.s.w.r.operation.CachingOperationNameGenerator - Generating unique operation named: ConditionQueryUsingGET_12
2020-05-29 15:09:42.488 [restartedMain] INFO  s.d.s.w.r.operation.CachingOperationNameGenerator - Generating unique operation named: conditionQueryUsingGET_1
2020-05-29 15:09:42.489 [restartedMain] INFO  s.d.s.w.r.operation.CachingOperationNameGenerator - Generating unique operation named: getAllUsingGET_1
2020-05-29 15:09:42.491 [restartedMain] INFO  s.d.s.w.r.operation.CachingOperationNameGenerator - Generating unique operation named: selectByPageUsingGET_7
2020-05-29 15:09:42.505 [restartedMain] INFO  s.d.s.w.r.operation.CachingOperationNameGenerator - Generating unique operation named: ConditionQueryUsingGET_13
2020-05-29 15:09:42.511 [restartedMain] INFO  s.d.s.w.r.operation.CachingOperationNameGenerator - Generating unique operation named: conditionQueryUsingGET_2
2020-05-29 15:09:42.513 [restartedMain] INFO  s.d.s.w.r.operation.CachingOperationNameGenerator - Generating unique operation named: getAllUsingGET_2
2020-05-29 15:09:42.516 [restartedMain] INFO  s.d.s.w.r.operation.CachingOperationNameGenerator - Generating unique operation named: selectByPageUsingGET_8
2020-05-29 15:09:42.520 [restartedMain] INFO  s.d.s.w.r.operation.CachingOperationNameGenerator - Generating unique operation named: ConditionQueryUsingGET_14
2020-05-29 15:09:42.527 [restartedMain] INFO  s.d.s.w.r.operation.CachingOperationNameGenerator - Generating unique operation named: selectByPageUsingGET_9
2020-05-29 15:09:42.560 [restartedMain] INFO  org.apache.coyote.http11.Http11NioProtocol - Starting ProtocolHandler ["http-nio-8080"]
2020-05-29 15:09:42.614 [restartedMain] INFO  o.s.boot.web.embedded.tomcat.TomcatWebServer - Tomcat started on port(s): 8080 (http) with context path ''
2020-05-29 15:09:42.631 [restartedMain] INFO  com.prescription.memory.MemoryApplication - Started MemoryApplication in 13.739 seconds (JVM running for 18.196)
2020-05-29 15:09:59.015 [http-nio-8080-exec-1] INFO  o.a.c.core.ContainerBase.[Tomcat].[localhost].[/] - Initializing Spring DispatcherServlet 'dispatcherServlet'
2020-05-29 15:09:59.017 [http-nio-8080-exec-1] INFO  org.springframework.web.servlet.DispatcherServlet - Initializing Servlet 'dispatcherServlet'
2020-05-29 15:09:59.056 [http-nio-8080-exec-1] INFO  org.springframework.web.servlet.DispatcherServlet - Completed initialization in 39 ms
2020-05-29 17:05:25.578 [http-nio-8080-exec-10] INFO  com.alibaba.druid.pool.DruidDataSource - {dataSource-1} inited
2020-05-29 17:05:25.987 [http-nio-8080-exec-10] DEBUG c.p.memory.dao.ZyyjChapterDao.selectList - ==>  Preparing: SELECT chapter_id,name,course_id,photo,comment FROM zyyj_chapter 
2020-05-29 17:05:26.027 [http-nio-8080-exec-10] DEBUG c.p.memory.dao.ZyyjChapterDao.selectList - ==> Parameters: 
2020-05-29 17:05:26.119 [http-nio-8080-exec-10] DEBUG c.p.memory.dao.ZyyjChapterDao.selectList - <==      Total: 12
2020-05-29 17:05:26.139 [http-nio-8080-exec-10] DEBUG c.prescription.memory.dao.ZyyjCourseDao.selectById - ==>  Preparing: SELECT course_id,parent_id,name,tree_code,introduction,photo FROM zyyj_course WHERE course_id=? 
2020-05-29 17:05:26.140 [http-nio-8080-exec-10] DEBUG c.prescription.memory.dao.ZyyjCourseDao.selectById - ==> Parameters: 1(Integer)
2020-05-29 17:05:26.181 [http-nio-8080-exec-10] DEBUG c.prescription.memory.dao.ZyyjCourseDao.selectById - <==      Total: 1
2020-05-29 17:05:26.196 [http-nio-8080-exec-10] DEBUG c.prescription.memory.dao.ZyyjCourseDao.selectById - ==>  Preparing: SELECT course_id,parent_id,name,tree_code,introduction,photo FROM zyyj_course WHERE course_id=? 
2020-05-29 17:05:26.197 [http-nio-8080-exec-10] DEBUG c.prescription.memory.dao.ZyyjCourseDao.selectById - ==> Parameters: 1(Integer)
2020-05-29 17:05:26.199 [http-nio-8080-exec-10] DEBUG c.prescription.memory.dao.ZyyjCourseDao.selectById - <==      Total: 1
2020-05-29 17:05:26.201 [http-nio-8080-exec-10] DEBUG c.prescription.memory.dao.ZyyjCourseDao.selectById - ==>  Preparing: SELECT course_id,parent_id,name,tree_code,introduction,photo FROM zyyj_course WHERE course_id=? 
2020-05-29 17:05:26.202 [http-nio-8080-exec-10] DEBUG c.prescription.memory.dao.ZyyjCourseDao.selectById - ==> Parameters: 1(Integer)
2020-05-29 17:05:26.205 [http-nio-8080-exec-10] DEBUG c.prescription.memory.dao.ZyyjCourseDao.selectById - <==      Total: 1
2020-05-29 17:05:26.207 [http-nio-8080-exec-10] DEBUG c.prescription.memory.dao.ZyyjCourseDao.selectById - ==>  Preparing: SELECT course_id,parent_id,name,tree_code,introduction,photo FROM zyyj_course WHERE course_id=? 
2020-05-29 17:05:26.207 [http-nio-8080-exec-10] DEBUG c.prescription.memory.dao.ZyyjCourseDao.selectById - ==> Parameters: 1(Integer)
2020-05-29 17:05:26.208 [http-nio-8080-exec-10] DEBUG c.prescription.memory.dao.ZyyjCourseDao.selectById - <==      Total: 1
2020-05-29 17:05:26.210 [http-nio-8080-exec-10] DEBUG c.prescription.memory.dao.ZyyjCourseDao.selectById - ==>  Preparing: SELECT course_id,parent_id,name,tree_code,introduction,photo FROM zyyj_course WHERE course_id=? 
2020-05-29 17:05:26.210 [http-nio-8080-exec-10] DEBUG c.prescription.memory.dao.ZyyjCourseDao.selectById - ==> Parameters: 1(Integer)
2020-05-29 17:05:26.212 [http-nio-8080-exec-10] DEBUG c.prescription.memory.dao.ZyyjCourseDao.selectById - <==      Total: 1
2020-05-29 17:05:26.213 [http-nio-8080-exec-10] DEBUG c.prescription.memory.dao.ZyyjCourseDao.selectById - ==>  Preparing: SELECT course_id,parent_id,name,tree_code,introduction,photo FROM zyyj_course WHERE course_id=? 
2020-05-29 17:05:26.213 [http-nio-8080-exec-10] DEBUG c.prescription.memory.dao.ZyyjCourseDao.selectById - ==> Parameters: 1(Integer)
2020-05-29 17:05:26.215 [http-nio-8080-exec-10] DEBUG c.prescription.memory.dao.ZyyjCourseDao.selectById - <==      Total: 1
2020-05-29 17:05:26.216 [http-nio-8080-exec-10] DEBUG c.prescription.memory.dao.ZyyjCourseDao.selectById - ==>  Preparing: SELECT course_id,parent_id,name,tree_code,introduction,photo FROM zyyj_course WHERE course_id=? 
2020-05-29 17:05:26.217 [http-nio-8080-exec-10] DEBUG c.prescription.memory.dao.ZyyjCourseDao.selectById - ==> Parameters: 1(Integer)
2020-05-29 17:05:26.218 [http-nio-8080-exec-10] DEBUG c.prescription.memory.dao.ZyyjCourseDao.selectById - <==      Total: 1
2020-05-29 17:05:26.219 [http-nio-8080-exec-10] DEBUG c.prescription.memory.dao.ZyyjCourseDao.selectById - ==>  Preparing: SELECT course_id,parent_id,name,tree_code,introduction,photo FROM zyyj_course WHERE course_id=? 
2020-05-29 17:05:26.219 [http-nio-8080-exec-10] DEBUG c.prescription.memory.dao.ZyyjCourseDao.selectById - ==> Parameters: 1(Integer)
2020-05-29 17:05:26.222 [http-nio-8080-exec-10] DEBUG c.prescription.memory.dao.ZyyjCourseDao.selectById - <==      Total: 1
2020-05-29 17:05:26.223 [http-nio-8080-exec-10] DEBUG c.prescription.memory.dao.ZyyjCourseDao.selectById - ==>  Preparing: SELECT course_id,parent_id,name,tree_code,introduction,photo FROM zyyj_course WHERE course_id=? 
2020-05-29 17:05:26.223 [http-nio-8080-exec-10] DEBUG c.prescription.memory.dao.ZyyjCourseDao.selectById - ==> Parameters: 1(Integer)
2020-05-29 17:05:26.225 [http-nio-8080-exec-10] DEBUG c.prescription.memory.dao.ZyyjCourseDao.selectById - <==      Total: 1
2020-05-29 17:05:26.227 [http-nio-8080-exec-10] DEBUG c.prescription.memory.dao.ZyyjCourseDao.selectById - ==>  Preparing: SELECT course_id,parent_id,name,tree_code,introduction,photo FROM zyyj_course WHERE course_id=? 
2020-05-29 17:05:26.228 [http-nio-8080-exec-10] DEBUG c.prescription.memory.dao.ZyyjCourseDao.selectById - ==> Parameters: 1(Integer)
2020-05-29 17:05:26.230 [http-nio-8080-exec-10] DEBUG c.prescription.memory.dao.ZyyjCourseDao.selectById - <==      Total: 1
2020-05-29 17:05:26.232 [http-nio-8080-exec-10] DEBUG c.prescription.memory.dao.ZyyjCourseDao.selectById - ==>  Preparing: SELECT course_id,parent_id,name,tree_code,introduction,photo FROM zyyj_course WHERE course_id=? 
2020-05-29 17:05:26.233 [http-nio-8080-exec-10] DEBUG c.prescription.memory.dao.ZyyjCourseDao.selectById - ==> Parameters: 1(Integer)
2020-05-29 17:05:26.235 [http-nio-8080-exec-10] DEBUG c.prescription.memory.dao.ZyyjCourseDao.selectById - <==      Total: 1
2020-05-29 17:05:26.238 [http-nio-8080-exec-10] DEBUG c.prescription.memory.dao.ZyyjCourseDao.selectById - ==>  Preparing: SELECT course_id,parent_id,name,tree_code,introduction,photo FROM zyyj_course WHERE course_id=? 
2020-05-29 17:05:26.238 [http-nio-8080-exec-10] DEBUG c.prescription.memory.dao.ZyyjCourseDao.selectById - ==> Parameters: 1(Integer)
2020-05-29 17:05:26.241 [http-nio-8080-exec-10] DEBUG c.prescription.memory.dao.ZyyjCourseDao.selectById - <==      Total: 1
2020-05-29 17:06:42.012 [http-nio-8080-exec-1] DEBUG c.p.memory.dao.ZyyjChapterDao.selectList - ==>  Preparing: SELECT chapter_id,name,course_id,photo,comment FROM zyyj_chapter 
2020-05-29 17:06:42.013 [http-nio-8080-exec-1] DEBUG c.p.memory.dao.ZyyjChapterDao.selectList - ==> Parameters: 
2020-05-29 17:06:42.017 [http-nio-8080-exec-1] DEBUG c.p.memory.dao.ZyyjChapterDao.selectList - <==      Total: 12
2020-05-29 17:06:42.019 [http-nio-8080-exec-1] DEBUG c.prescription.memory.dao.ZyyjCourseDao.selectById - ==>  Preparing: SELECT course_id,parent_id,name,tree_code,introduction,photo FROM zyyj_course WHERE course_id=? 
2020-05-29 17:06:42.019 [http-nio-8080-exec-1] DEBUG c.prescription.memory.dao.ZyyjCourseDao.selectById - ==> Parameters: 1(Integer)
2020-05-29 17:06:42.021 [http-nio-8080-exec-1] DEBUG c.prescription.memory.dao.ZyyjCourseDao.selectById - <==      Total: 1
2020-05-29 17:06:42.024 [http-nio-8080-exec-1] DEBUG c.prescription.memory.dao.ZyyjCourseDao.selectById - ==>  Preparing: SELECT course_id,parent_id,name,tree_code,introduction,photo FROM zyyj_course WHERE course_id=? 
2020-05-29 17:06:42.025 [http-nio-8080-exec-1] DEBUG c.prescription.memory.dao.ZyyjCourseDao.selectById - ==> Parameters: 1(Integer)
2020-05-29 17:06:42.028 [http-nio-8080-exec-1] DEBUG c.prescription.memory.dao.ZyyjCourseDao.selectById - <==      Total: 1
2020-05-29 17:06:42.033 [http-nio-8080-exec-1] DEBUG c.prescription.memory.dao.ZyyjCourseDao.selectById - ==>  Preparing: SELECT course_id,parent_id,name,tree_code,introduction,photo FROM zyyj_course WHERE course_id=? 
2020-05-29 17:06:42.033 [http-nio-8080-exec-1] DEBUG c.prescription.memory.dao.ZyyjCourseDao.selectById - ==> Parameters: 1(Integer)
2020-05-29 17:06:42.036 [http-nio-8080-exec-1] DEBUG c.prescription.memory.dao.ZyyjCourseDao.selectById - <==      Total: 1
2020-05-29 17:06:42.039 [http-nio-8080-exec-1] DEBUG c.prescription.memory.dao.ZyyjCourseDao.selectById - ==>  Preparing: SELECT course_id,parent_id,name,tree_code,introduction,photo FROM zyyj_course WHERE course_id=? 
2020-05-29 17:06:42.040 [http-nio-8080-exec-1] DEBUG c.prescription.memory.dao.ZyyjCourseDao.selectById - ==> Parameters: 1(Integer)
2020-05-29 17:06:42.043 [http-nio-8080-exec-1] DEBUG c.prescription.memory.dao.ZyyjCourseDao.selectById - <==      Total: 1
2020-05-29 17:06:42.046 [http-nio-8080-exec-1] DEBUG c.prescription.memory.dao.ZyyjCourseDao.selectById - ==>  Preparing: SELECT course_id,parent_id,name,tree_code,introduction,photo FROM zyyj_course WHERE course_id=? 
2020-05-29 17:06:42.047 [http-nio-8080-exec-1] DEBUG c.prescription.memory.dao.ZyyjCourseDao.selectById - ==> Parameters: 1(Integer)
2020-05-29 17:06:42.048 [http-nio-8080-exec-1] DEBUG c.prescription.memory.dao.ZyyjCourseDao.selectById - <==      Total: 1
2020-05-29 17:06:42.050 [http-nio-8080-exec-1] DEBUG c.prescription.memory.dao.ZyyjCourseDao.selectById - ==>  Preparing: SELECT course_id,parent_id,name,tree_code,introduction,photo FROM zyyj_course WHERE course_id=? 
2020-05-29 17:06:42.051 [http-nio-8080-exec-1] DEBUG c.prescription.memory.dao.ZyyjCourseDao.selectById - ==> Parameters: 1(Integer)
2020-05-29 17:06:42.052 [http-nio-8080-exec-1] DEBUG c.prescription.memory.dao.ZyyjCourseDao.selectById - <==      Total: 1
2020-05-29 17:06:42.055 [http-nio-8080-exec-1] DEBUG c.prescription.memory.dao.ZyyjCourseDao.selectById - ==>  Preparing: SELECT course_id,parent_id,name,tree_code,introduction,photo FROM zyyj_course WHERE course_id=? 
2020-05-29 17:06:42.055 [http-nio-8080-exec-1] DEBUG c.prescription.memory.dao.ZyyjCourseDao.selectById - ==> Parameters: 1(Integer)
2020-05-29 17:06:42.057 [http-nio-8080-exec-1] DEBUG c.prescription.memory.dao.ZyyjCourseDao.selectById - <==      Total: 1
2020-05-29 17:06:42.059 [http-nio-8080-exec-1] DEBUG c.prescription.memory.dao.ZyyjCourseDao.selectById - ==>  Preparing: SELECT course_id,parent_id,name,tree_code,introduction,photo FROM zyyj_course WHERE course_id=? 
2020-05-29 17:06:42.059 [http-nio-8080-exec-1] DEBUG c.prescription.memory.dao.ZyyjCourseDao.selectById - ==> Parameters: 1(Integer)
2020-05-29 17:06:42.061 [http-nio-8080-exec-1] DEBUG c.prescription.memory.dao.ZyyjCourseDao.selectById - <==      Total: 1
2020-05-29 17:06:42.063 [http-nio-8080-exec-1] DEBUG c.prescription.memory.dao.ZyyjCourseDao.selectById - ==>  Preparing: SELECT course_id,parent_id,name,tree_code,introduction,photo FROM zyyj_course WHERE course_id=? 
2020-05-29 17:06:42.063 [http-nio-8080-exec-1] DEBUG c.prescription.memory.dao.ZyyjCourseDao.selectById - ==> Parameters: 1(Integer)
2020-05-29 17:06:42.065 [http-nio-8080-exec-1] DEBUG c.prescription.memory.dao.ZyyjCourseDao.selectById - <==      Total: 1
2020-05-29 17:06:42.067 [http-nio-8080-exec-1] DEBUG c.prescription.memory.dao.ZyyjCourseDao.selectById - ==>  Preparing: SELECT course_id,parent_id,name,tree_code,introduction,photo FROM zyyj_course WHERE course_id=? 
2020-05-29 17:06:42.068 [http-nio-8080-exec-1] DEBUG c.prescription.memory.dao.ZyyjCourseDao.selectById - ==> Parameters: 1(Integer)
2020-05-29 17:06:42.069 [http-nio-8080-exec-1] DEBUG c.prescription.memory.dao.ZyyjCourseDao.selectById - <==      Total: 1
2020-05-29 17:06:42.071 [http-nio-8080-exec-1] DEBUG c.prescription.memory.dao.ZyyjCourseDao.selectById - ==>  Preparing: SELECT course_id,parent_id,name,tree_code,introduction,photo FROM zyyj_course WHERE course_id=? 
2020-05-29 17:06:42.072 [http-nio-8080-exec-1] DEBUG c.prescription.memory.dao.ZyyjCourseDao.selectById - ==> Parameters: 1(Integer)
2020-05-29 17:06:42.074 [http-nio-8080-exec-1] DEBUG c.prescription.memory.dao.ZyyjCourseDao.selectById - <==      Total: 1
2020-05-29 17:06:42.076 [http-nio-8080-exec-1] DEBUG c.prescription.memory.dao.ZyyjCourseDao.selectById - ==>  Preparing: SELECT course_id,parent_id,name,tree_code,introduction,photo FROM zyyj_course WHERE course_id=? 
2020-05-29 17:06:42.077 [http-nio-8080-exec-1] DEBUG c.prescription.memory.dao.ZyyjCourseDao.selectById - ==> Parameters: 1(Integer)
2020-05-29 17:06:42.079 [http-nio-8080-exec-1] DEBUG c.prescription.memory.dao.ZyyjCourseDao.selectById - <==      Total: 1
2020-05-29 17:06:42.655 [http-nio-8080-exec-4] DEBUG c.p.memory.dao.ZyyjChapterDao.selectList - ==>  Preparing: SELECT chapter_id,name,course_id,photo,comment FROM zyyj_chapter 
2020-05-29 17:06:42.656 [http-nio-8080-exec-4] DEBUG c.p.memory.dao.ZyyjChapterDao.selectList - ==> Parameters: 
2020-05-29 17:06:42.658 [http-nio-8080-exec-4] DEBUG c.p.memory.dao.ZyyjChapterDao.selectList - <==      Total: 12
2020-05-29 17:06:42.661 [http-nio-8080-exec-4] DEBUG c.prescription.memory.dao.ZyyjCourseDao.selectById - ==>  Preparing: SELECT course_id,parent_id,name,tree_code,introduction,photo FROM zyyj_course WHERE course_id=? 
2020-05-29 17:06:42.661 [http-nio-8080-exec-4] DEBUG c.prescription.memory.dao.ZyyjCourseDao.selectById - ==> Parameters: 1(Integer)
2020-05-29 17:06:42.663 [http-nio-8080-exec-4] DEBUG c.prescription.memory.dao.ZyyjCourseDao.selectById - <==      Total: 1
2020-05-29 17:06:42.664 [http-nio-8080-exec-4] DEBUG c.prescription.memory.dao.ZyyjCourseDao.selectById - ==>  Preparing: SELECT course_id,parent_id,name,tree_code,introduction,photo FROM zyyj_course WHERE course_id=? 
2020-05-29 17:06:42.664 [http-nio-8080-exec-4] DEBUG c.prescription.memory.dao.ZyyjCourseDao.selectById - ==> Parameters: 1(Integer)
2020-05-29 17:06:42.666 [http-nio-8080-exec-4] DEBUG c.prescription.memory.dao.ZyyjCourseDao.selectById - <==      Total: 1
2020-05-29 17:06:42.667 [http-nio-8080-exec-4] DEBUG c.prescription.memory.dao.ZyyjCourseDao.selectById - ==>  Preparing: SELECT course_id,parent_id,name,tree_code,introduction,photo FROM zyyj_course WHERE course_id=? 
2020-05-29 17:06:42.668 [http-nio-8080-exec-4] DEBUG c.prescription.memory.dao.ZyyjCourseDao.selectById - ==> Parameters: 1(Integer)
2020-05-29 17:06:42.669 [http-nio-8080-exec-4] DEBUG c.prescription.memory.dao.ZyyjCourseDao.selectById - <==      Total: 1
2020-05-29 17:06:42.670 [http-nio-8080-exec-4] DEBUG c.prescription.memory.dao.ZyyjCourseDao.selectById - ==>  Preparing: SELECT course_id,parent_id,name,tree_code,introduction,photo FROM zyyj_course WHERE course_id=? 
2020-05-29 17:06:42.671 [http-nio-8080-exec-4] DEBUG c.prescription.memory.dao.ZyyjCourseDao.selectById - ==> Parameters: 1(Integer)
2020-05-29 17:06:42.672 [http-nio-8080-exec-4] DEBUG c.prescription.memory.dao.ZyyjCourseDao.selectById - <==      Total: 1
2020-05-29 17:06:42.674 [http-nio-8080-exec-4] DEBUG c.prescription.memory.dao.ZyyjCourseDao.selectById - ==>  Preparing: SELECT course_id,parent_id,name,tree_code,introduction,photo FROM zyyj_course WHERE course_id=? 
2020-05-29 17:06:42.675 [http-nio-8080-exec-4] DEBUG c.prescription.memory.dao.ZyyjCourseDao.selectById - ==> Parameters: 1(Integer)
2020-05-29 17:06:42.676 [http-nio-8080-exec-4] DEBUG c.prescription.memory.dao.ZyyjCourseDao.selectById - <==      Total: 1
2020-05-29 17:06:42.677 [http-nio-8080-exec-4] DEBUG c.prescription.memory.dao.ZyyjCourseDao.selectById - ==>  Preparing: SELECT course_id,parent_id,name,tree_code,introduction,photo FROM zyyj_course WHERE course_id=? 
2020-05-29 17:06:42.678 [http-nio-8080-exec-4] DEBUG c.prescription.memory.dao.ZyyjCourseDao.selectById - ==> Parameters: 1(Integer)
2020-05-29 17:06:42.681 [http-nio-8080-exec-4] DEBUG c.prescription.memory.dao.ZyyjCourseDao.selectById - <==      Total: 1
2020-05-29 17:06:42.683 [http-nio-8080-exec-4] DEBUG c.prescription.memory.dao.ZyyjCourseDao.selectById - ==>  Preparing: SELECT course_id,parent_id,name,tree_code,introduction,photo FROM zyyj_course WHERE course_id=? 
2020-05-29 17:06:42.683 [http-nio-8080-exec-4] DEBUG c.prescription.memory.dao.ZyyjCourseDao.selectById - ==> Parameters: 1(Integer)
2020-05-29 17:06:42.684 [http-nio-8080-exec-4] DEBUG c.prescription.memory.dao.ZyyjCourseDao.selectById - <==      Total: 1
2020-05-29 17:06:42.685 [http-nio-8080-exec-4] DEBUG c.prescription.memory.dao.ZyyjCourseDao.selectById - ==>  Preparing: SELECT course_id,parent_id,name,tree_code,introduction,photo FROM zyyj_course WHERE course_id=? 
2020-05-29 17:06:42.686 [http-nio-8080-exec-4] DEBUG c.prescription.memory.dao.ZyyjCourseDao.selectById - ==> Parameters: 1(Integer)
2020-05-29 17:06:42.687 [http-nio-8080-exec-4] DEBUG c.prescription.memory.dao.ZyyjCourseDao.selectById - <==      Total: 1
2020-05-29 17:06:42.688 [http-nio-8080-exec-4] DEBUG c.prescription.memory.dao.ZyyjCourseDao.selectById - ==>  Preparing: SELECT course_id,parent_id,name,tree_code,introduction,photo FROM zyyj_course WHERE course_id=? 
2020-05-29 17:06:42.688 [http-nio-8080-exec-4] DEBUG c.prescription.memory.dao.ZyyjCourseDao.selectById - ==> Parameters: 1(Integer)
2020-05-29 17:06:42.689 [http-nio-8080-exec-4] DEBUG c.prescription.memory.dao.ZyyjCourseDao.selectById - <==      Total: 1
2020-05-29 17:06:42.690 [http-nio-8080-exec-4] DEBUG c.prescription.memory.dao.ZyyjCourseDao.selectById - ==>  Preparing: SELECT course_id,parent_id,name,tree_code,introduction,photo FROM zyyj_course WHERE course_id=? 
2020-05-29 17:06:42.690 [http-nio-8080-exec-4] DEBUG c.prescription.memory.dao.ZyyjCourseDao.selectById - ==> Parameters: 1(Integer)
2020-05-29 17:06:42.692 [http-nio-8080-exec-4] DEBUG c.prescription.memory.dao.ZyyjCourseDao.selectById - <==      Total: 1
2020-05-29 17:06:42.693 [http-nio-8080-exec-4] DEBUG c.prescription.memory.dao.ZyyjCourseDao.selectById - ==>  Preparing: SELECT course_id,parent_id,name,tree_code,introduction,photo FROM zyyj_course WHERE course_id=? 
2020-05-29 17:06:42.694 [http-nio-8080-exec-4] DEBUG c.prescription.memory.dao.ZyyjCourseDao.selectById - ==> Parameters: 1(Integer)
2020-05-29 17:06:42.695 [http-nio-8080-exec-4] DEBUG c.prescription.memory.dao.ZyyjCourseDao.selectById - <==      Total: 1
2020-05-29 17:06:42.697 [http-nio-8080-exec-4] DEBUG c.prescription.memory.dao.ZyyjCourseDao.selectById - ==>  Preparing: SELECT course_id,parent_id,name,tree_code,introduction,photo FROM zyyj_course WHERE course_id=? 
2020-05-29 17:06:42.697 [http-nio-8080-exec-4] DEBUG c.prescription.memory.dao.ZyyjCourseDao.selectById - ==> Parameters: 1(Integer)
2020-05-29 17:06:42.698 [http-nio-8080-exec-4] DEBUG c.prescription.memory.dao.ZyyjCourseDao.selectById - <==      Total: 1
2020-05-29 17:06:42.723 [http-nio-8080-exec-2] DEBUG c.p.memory.dao.ZyyjChapterDao.selectList - ==>  Preparing: SELECT chapter_id,name,course_id,photo,comment FROM zyyj_chapter 
2020-05-29 17:06:42.724 [http-nio-8080-exec-2] DEBUG c.p.memory.dao.ZyyjChapterDao.selectList - ==> Parameters: 
2020-05-29 17:06:42.726 [http-nio-8080-exec-2] DEBUG c.p.memory.dao.ZyyjChapterDao.selectList - <==      Total: 12
2020-05-29 17:06:42.729 [http-nio-8080-exec-2] DEBUG c.prescription.memory.dao.ZyyjCourseDao.selectById - ==>  Preparing: SELECT course_id,parent_id,name,tree_code,introduction,photo FROM zyyj_course WHERE course_id=? 
2020-05-29 17:06:42.730 [http-nio-8080-exec-2] DEBUG c.prescription.memory.dao.ZyyjCourseDao.selectById - ==> Parameters: 1(Integer)
2020-05-29 17:06:42.731 [http-nio-8080-exec-2] DEBUG c.prescription.memory.dao.ZyyjCourseDao.selectById - <==      Total: 1
2020-05-29 17:06:42.734 [http-nio-8080-exec-2] DEBUG c.prescription.memory.dao.ZyyjCourseDao.selectById - ==>  Preparing: SELECT course_id,parent_id,name,tree_code,introduction,photo FROM zyyj_course WHERE course_id=? 
2020-05-29 17:06:42.734 [http-nio-8080-exec-2] DEBUG c.prescription.memory.dao.ZyyjCourseDao.selectById - ==> Parameters: 1(Integer)
2020-05-29 17:06:42.735 [http-nio-8080-exec-2] DEBUG c.prescription.memory.dao.ZyyjCourseDao.selectById - <==      Total: 1
2020-05-29 17:06:42.736 [http-nio-8080-exec-2] DEBUG c.prescription.memory.dao.ZyyjCourseDao.selectById - ==>  Preparing: SELECT course_id,parent_id,name,tree_code,introduction,photo FROM zyyj_course WHERE course_id=? 
2020-05-29 17:06:42.736 [http-nio-8080-exec-2] DEBUG c.prescription.memory.dao.ZyyjCourseDao.selectById - ==> Parameters: 1(Integer)
2020-05-29 17:06:42.738 [http-nio-8080-exec-2] DEBUG c.prescription.memory.dao.ZyyjCourseDao.selectById - <==      Total: 1
2020-05-29 17:06:42.739 [http-nio-8080-exec-2] DEBUG c.prescription.memory.dao.ZyyjCourseDao.selectById - ==>  Preparing: SELECT course_id,parent_id,name,tree_code,introduction,photo FROM zyyj_course WHERE course_id=? 
2020-05-29 17:06:42.739 [http-nio-8080-exec-2] DEBUG c.prescription.memory.dao.ZyyjCourseDao.selectById - ==> Parameters: 1(Integer)
2020-05-29 17:06:42.740 [http-nio-8080-exec-2] DEBUG c.prescription.memory.dao.ZyyjCourseDao.selectById - <==      Total: 1
2020-05-29 17:06:42.741 [http-nio-8080-exec-2] DEBUG c.prescription.memory.dao.ZyyjCourseDao.selectById - ==>  Preparing: SELECT course_id,parent_id,name,tree_code,introduction,photo FROM zyyj_course WHERE course_id=? 
2020-05-29 17:06:42.742 [http-nio-8080-exec-2] DEBUG c.prescription.memory.dao.ZyyjCourseDao.selectById - ==> Parameters: 1(Integer)
2020-05-29 17:06:42.743 [http-nio-8080-exec-2] DEBUG c.prescription.memory.dao.ZyyjCourseDao.selectById - <==      Total: 1
2020-05-29 17:06:42.744 [http-nio-8080-exec-2] DEBUG c.prescription.memory.dao.ZyyjCourseDao.selectById - ==>  Preparing: SELECT course_id,parent_id,name,tree_code,introduction,photo FROM zyyj_course WHERE course_id=? 
2020-05-29 17:06:42.744 [http-nio-8080-exec-2] DEBUG c.prescription.memory.dao.ZyyjCourseDao.selectById - ==> Parameters: 1(Integer)
2020-05-29 17:06:42.745 [http-nio-8080-exec-2] DEBUG c.prescription.memory.dao.ZyyjCourseDao.selectById - <==      Total: 1
2020-05-29 17:06:42.746 [http-nio-8080-exec-2] DEBUG c.prescription.memory.dao.ZyyjCourseDao.selectById - ==>  Preparing: SELECT course_id,parent_id,name,tree_code,introduction,photo FROM zyyj_course WHERE course_id=? 
2020-05-29 17:06:42.746 [http-nio-8080-exec-2] DEBUG c.prescription.memory.dao.ZyyjCourseDao.selectById - ==> Parameters: 1(Integer)
2020-05-29 17:06:42.747 [http-nio-8080-exec-2] DEBUG c.prescription.memory.dao.ZyyjCourseDao.selectById - <==      Total: 1
2020-05-29 17:06:42.748 [http-nio-8080-exec-2] DEBUG c.prescription.memory.dao.ZyyjCourseDao.selectById - ==>  Preparing: SELECT course_id,parent_id,name,tree_code,introduction,photo FROM zyyj_course WHERE course_id=? 
2020-05-29 17:06:42.748 [http-nio-8080-exec-2] DEBUG c.prescription.memory.dao.ZyyjCourseDao.selectById - ==> Parameters: 1(Integer)
2020-05-29 17:06:42.749 [http-nio-8080-exec-2] DEBUG c.prescription.memory.dao.ZyyjCourseDao.selectById - <==      Total: 1
2020-05-29 17:06:42.750 [http-nio-8080-exec-2] DEBUG c.prescription.memory.dao.ZyyjCourseDao.selectById - ==>  Preparing: SELECT course_id,parent_id,name,tree_code,introduction,photo FROM zyyj_course WHERE course_id=? 
2020-05-29 17:06:42.750 [http-nio-8080-exec-2] DEBUG c.prescription.memory.dao.ZyyjCourseDao.selectById - ==> Parameters: 1(Integer)
2020-05-29 17:06:42.751 [http-nio-8080-exec-2] DEBUG c.prescription.memory.dao.ZyyjCourseDao.selectById - <==      Total: 1
2020-05-29 17:06:42.752 [http-nio-8080-exec-2] DEBUG c.prescription.memory.dao.ZyyjCourseDao.selectById - ==>  Preparing: SELECT course_id,parent_id,name,tree_code,introduction,photo FROM zyyj_course WHERE course_id=? 
2020-05-29 17:06:42.752 [http-nio-8080-exec-2] DEBUG c.prescription.memory.dao.ZyyjCourseDao.selectById - ==> Parameters: 1(Integer)
2020-05-29 17:06:42.753 [http-nio-8080-exec-2] DEBUG c.prescription.memory.dao.ZyyjCourseDao.selectById - <==      Total: 1
2020-05-29 17:06:42.753 [http-nio-8080-exec-2] DEBUG c.prescription.memory.dao.ZyyjCourseDao.selectById - ==>  Preparing: SELECT course_id,parent_id,name,tree_code,introduction,photo FROM zyyj_course WHERE course_id=? 
2020-05-29 17:06:42.754 [http-nio-8080-exec-2] DEBUG c.prescription.memory.dao.ZyyjCourseDao.selectById - ==> Parameters: 1(Integer)
2020-05-29 17:06:42.754 [http-nio-8080-exec-2] DEBUG c.prescription.memory.dao.ZyyjCourseDao.selectById - <==      Total: 1
2020-05-29 17:06:42.755 [http-nio-8080-exec-2] DEBUG c.prescription.memory.dao.ZyyjCourseDao.selectById - ==>  Preparing: SELECT course_id,parent_id,name,tree_code,introduction,photo FROM zyyj_course WHERE course_id=? 
2020-05-29 17:06:42.756 [http-nio-8080-exec-2] DEBUG c.prescription.memory.dao.ZyyjCourseDao.selectById - ==> Parameters: 1(Integer)
2020-05-29 17:06:42.757 [http-nio-8080-exec-2] DEBUG c.prescription.memory.dao.ZyyjCourseDao.selectById - <==      Total: 1
2020-05-29 17:06:50.540 [http-nio-8080-exec-9] DEBUG c.p.memory.dao.ZyyjChapterDao.selectList - ==>  Preparing: SELECT chapter_id,name,course_id,photo,comment FROM zyyj_chapter 
2020-05-29 17:06:50.541 [http-nio-8080-exec-9] DEBUG c.p.memory.dao.ZyyjChapterDao.selectList - ==> Parameters: 
2020-05-29 17:06:50.542 [http-nio-8080-exec-9] DEBUG c.p.memory.dao.ZyyjChapterDao.selectList - <==      Total: 12
2020-05-29 17:06:50.543 [http-nio-8080-exec-9] DEBUG c.prescription.memory.dao.ZyyjCourseDao.selectById - ==>  Preparing: SELECT course_id,parent_id,name,tree_code,introduction,photo FROM zyyj_course WHERE course_id=? 
2020-05-29 17:06:50.544 [http-nio-8080-exec-9] DEBUG c.prescription.memory.dao.ZyyjCourseDao.selectById - ==> Parameters: 1(Integer)
2020-05-29 17:06:50.545 [http-nio-8080-exec-9] DEBUG c.prescription.memory.dao.ZyyjCourseDao.selectById - <==      Total: 1
2020-05-29 17:06:50.546 [http-nio-8080-exec-9] DEBUG c.prescription.memory.dao.ZyyjCourseDao.selectById - ==>  Preparing: SELECT course_id,parent_id,name,tree_code,introduction,photo FROM zyyj_course WHERE course_id=? 
2020-05-29 17:06:50.546 [http-nio-8080-exec-9] DEBUG c.prescription.memory.dao.ZyyjCourseDao.selectById - ==> Parameters: 1(Integer)
2020-05-29 17:06:50.548 [http-nio-8080-exec-9] DEBUG c.prescription.memory.dao.ZyyjCourseDao.selectById - <==      Total: 1
2020-05-29 17:06:50.549 [http-nio-8080-exec-9] DEBUG c.prescription.memory.dao.ZyyjCourseDao.selectById - ==>  Preparing: SELECT course_id,parent_id,name,tree_code,introduction,photo FROM zyyj_course WHERE course_id=? 
2020-05-29 17:06:50.549 [http-nio-8080-exec-9] DEBUG c.prescription.memory.dao.ZyyjCourseDao.selectById - ==> Parameters: 1(Integer)
2020-05-29 17:06:50.551 [http-nio-8080-exec-9] DEBUG c.prescription.memory.dao.ZyyjCourseDao.selectById - <==      Total: 1
2020-05-29 17:06:50.552 [http-nio-8080-exec-9] DEBUG c.prescription.memory.dao.ZyyjCourseDao.selectById - ==>  Preparing: SELECT course_id,parent_id,name,tree_code,introduction,photo FROM zyyj_course WHERE course_id=? 
2020-05-29 17:06:50.553 [http-nio-8080-exec-9] DEBUG c.prescription.memory.dao.ZyyjCourseDao.selectById - ==> Parameters: 1(Integer)
2020-05-29 17:06:50.555 [http-nio-8080-exec-9] DEBUG c.prescription.memory.dao.ZyyjCourseDao.selectById - <==      Total: 1
2020-05-29 17:06:50.556 [http-nio-8080-exec-9] DEBUG c.prescription.memory.dao.ZyyjCourseDao.selectById - ==>  Preparing: SELECT course_id,parent_id,name,tree_code,introduction,photo FROM zyyj_course WHERE course_id=? 
2020-05-29 17:06:50.557 [http-nio-8080-exec-9] DEBUG c.prescription.memory.dao.ZyyjCourseDao.selectById - ==> Parameters: 1(Integer)
2020-05-29 17:06:50.558 [http-nio-8080-exec-9] DEBUG c.prescription.memory.dao.ZyyjCourseDao.selectById - <==      Total: 1
2020-05-29 17:06:50.559 [http-nio-8080-exec-9] DEBUG c.prescription.memory.dao.ZyyjCourseDao.selectById - ==>  Preparing: SELECT course_id,parent_id,name,tree_code,introduction,photo FROM zyyj_course WHERE course_id=? 
2020-05-29 17:06:50.559 [http-nio-8080-exec-9] DEBUG c.prescription.memory.dao.ZyyjCourseDao.selectById - ==> Parameters: 1(Integer)
2020-05-29 17:06:50.560 [http-nio-8080-exec-9] DEBUG c.prescription.memory.dao.ZyyjCourseDao.selectById - <==      Total: 1
2020-05-29 17:06:50.561 [http-nio-8080-exec-9] DEBUG c.prescription.memory.dao.ZyyjCourseDao.selectById - ==>  Preparing: SELECT course_id,parent_id,name,tree_code,introduction,photo FROM zyyj_course WHERE course_id=? 
2020-05-29 17:06:50.561 [http-nio-8080-exec-9] DEBUG c.prescription.memory.dao.ZyyjCourseDao.selectById - ==> Parameters: 1(Integer)
2020-05-29 17:06:50.563 [http-nio-8080-exec-9] DEBUG c.prescription.memory.dao.ZyyjCourseDao.selectById - <==      Total: 1
2020-05-29 17:06:50.563 [http-nio-8080-exec-9] DEBUG c.prescription.memory.dao.ZyyjCourseDao.selectById - ==>  Preparing: SELECT course_id,parent_id,name,tree_code,introduction,photo FROM zyyj_course WHERE course_id=? 
2020-05-29 17:06:50.563 [http-nio-8080-exec-9] DEBUG c.prescription.memory.dao.ZyyjCourseDao.selectById - ==> Parameters: 1(Integer)
2020-05-29 17:06:50.565 [http-nio-8080-exec-9] DEBUG c.prescription.memory.dao.ZyyjCourseDao.selectById - <==      Total: 1
2020-05-29 17:06:50.566 [http-nio-8080-exec-9] DEBUG c.prescription.memory.dao.ZyyjCourseDao.selectById - ==>  Preparing: SELECT course_id,parent_id,name,tree_code,introduction,photo FROM zyyj_course WHERE course_id=? 
2020-05-29 17:06:50.566 [http-nio-8080-exec-9] DEBUG c.prescription.memory.dao.ZyyjCourseDao.selectById - ==> Parameters: 1(Integer)
2020-05-29 17:06:50.567 [http-nio-8080-exec-9] DEBUG c.prescription.memory.dao.ZyyjCourseDao.selectById - <==      Total: 1
2020-05-29 17:06:50.568 [http-nio-8080-exec-9] DEBUG c.prescription.memory.dao.ZyyjCourseDao.selectById - ==>  Preparing: SELECT course_id,parent_id,name,tree_code,introduction,photo FROM zyyj_course WHERE course_id=? 
2020-05-29 17:06:50.569 [http-nio-8080-exec-9] DEBUG c.prescription.memory.dao.ZyyjCourseDao.selectById - ==> Parameters: 1(Integer)
2020-05-29 17:06:50.570 [http-nio-8080-exec-9] DEBUG c.prescription.memory.dao.ZyyjCourseDao.selectById - <==      Total: 1
2020-05-29 17:06:50.571 [http-nio-8080-exec-9] DEBUG c.prescription.memory.dao.ZyyjCourseDao.selectById - ==>  Preparing: SELECT course_id,parent_id,name,tree_code,introduction,photo FROM zyyj_course WHERE course_id=? 
2020-05-29 17:06:50.571 [http-nio-8080-exec-9] DEBUG c.prescription.memory.dao.ZyyjCourseDao.selectById - ==> Parameters: 1(Integer)
2020-05-29 17:06:50.573 [http-nio-8080-exec-9] DEBUG c.prescription.memory.dao.ZyyjCourseDao.selectById - <==      Total: 1
2020-05-29 17:06:50.574 [http-nio-8080-exec-9] DEBUG c.prescription.memory.dao.ZyyjCourseDao.selectById - ==>  Preparing: SELECT course_id,parent_id,name,tree_code,introduction,photo FROM zyyj_course WHERE course_id=? 
2020-05-29 17:06:50.575 [http-nio-8080-exec-9] DEBUG c.prescription.memory.dao.ZyyjCourseDao.selectById - ==> Parameters: 1(Integer)
2020-05-29 17:06:50.576 [http-nio-8080-exec-9] DEBUG c.prescription.memory.dao.ZyyjCourseDao.selectById - <==      Total: 1
2020-05-29 17:06:53.639 [http-nio-8080-exec-8] DEBUG c.p.memory.dao.ZyyjChapterDao.selectList - ==>  Preparing: SELECT chapter_id,name,course_id,photo,comment FROM zyyj_chapter 
2020-05-29 17:06:53.641 [http-nio-8080-exec-8] DEBUG c.p.memory.dao.ZyyjChapterDao.selectList - ==> Parameters: 
2020-05-29 17:06:53.643 [http-nio-8080-exec-8] DEBUG c.p.memory.dao.ZyyjChapterDao.selectList - <==      Total: 12
2020-05-29 17:06:53.645 [http-nio-8080-exec-8] DEBUG c.prescription.memory.dao.ZyyjCourseDao.selectById - ==>  Preparing: SELECT course_id,parent_id,name,tree_code,introduction,photo FROM zyyj_course WHERE course_id=? 
2020-05-29 17:06:53.645 [http-nio-8080-exec-8] DEBUG c.prescription.memory.dao.ZyyjCourseDao.selectById - ==> Parameters: 1(Integer)
2020-05-29 17:06:53.646 [http-nio-8080-exec-8] DEBUG c.prescription.memory.dao.ZyyjCourseDao.selectById - <==      Total: 1
2020-05-29 17:06:53.648 [http-nio-8080-exec-8] DEBUG c.prescription.memory.dao.ZyyjCourseDao.selectById - ==>  Preparing: SELECT course_id,parent_id,name,tree_code,introduction,photo FROM zyyj_course WHERE course_id=? 
2020-05-29 17:06:53.649 [http-nio-8080-exec-8] DEBUG c.prescription.memory.dao.ZyyjCourseDao.selectById - ==> Parameters: 1(Integer)
2020-05-29 17:06:53.650 [http-nio-8080-exec-8] DEBUG c.prescription.memory.dao.ZyyjCourseDao.selectById - <==      Total: 1
2020-05-29 17:06:53.651 [http-nio-8080-exec-8] DEBUG c.prescription.memory.dao.ZyyjCourseDao.selectById - ==>  Preparing: SELECT course_id,parent_id,name,tree_code,introduction,photo FROM zyyj_course WHERE course_id=? 
2020-05-29 17:06:53.652 [http-nio-8080-exec-8] DEBUG c.prescription.memory.dao.ZyyjCourseDao.selectById - ==> Parameters: 1(Integer)
2020-05-29 17:06:53.653 [http-nio-8080-exec-8] DEBUG c.prescription.memory.dao.ZyyjCourseDao.selectById - <==      Total: 1
2020-05-29 17:06:53.654 [http-nio-8080-exec-8] DEBUG c.prescription.memory.dao.ZyyjCourseDao.selectById - ==>  Preparing: SELECT course_id,parent_id,name,tree_code,introduction,photo FROM zyyj_course WHERE course_id=? 
2020-05-29 17:06:53.655 [http-nio-8080-exec-8] DEBUG c.prescription.memory.dao.ZyyjCourseDao.selectById - ==> Parameters: 1(Integer)
2020-05-29 17:06:53.656 [http-nio-8080-exec-8] DEBUG c.prescription.memory.dao.ZyyjCourseDao.selectById - <==      Total: 1
2020-05-29 17:06:53.658 [http-nio-8080-exec-8] DEBUG c.prescription.memory.dao.ZyyjCourseDao.selectById - ==>  Preparing: SELECT course_id,parent_id,name,tree_code,introduction,photo FROM zyyj_course WHERE course_id=? 
2020-05-29 17:06:53.659 [http-nio-8080-exec-8] DEBUG c.prescription.memory.dao.ZyyjCourseDao.selectById - ==> Parameters: 1(Integer)
2020-05-29 17:06:53.660 [http-nio-8080-exec-8] DEBUG c.prescription.memory.dao.ZyyjCourseDao.selectById - <==      Total: 1
2020-05-29 17:06:53.663 [http-nio-8080-exec-8] DEBUG c.prescription.memory.dao.ZyyjCourseDao.selectById - ==>  Preparing: SELECT course_id,parent_id,name,tree_code,introduction,photo FROM zyyj_course WHERE course_id=? 
2020-05-29 17:06:53.663 [http-nio-8080-exec-8] DEBUG c.prescription.memory.dao.ZyyjCourseDao.selectById - ==> Parameters: 1(Integer)
2020-05-29 17:06:53.664 [http-nio-8080-exec-8] DEBUG c.prescription.memory.dao.ZyyjCourseDao.selectById - <==      Total: 1
2020-05-29 17:06:53.665 [http-nio-8080-exec-8] DEBUG c.prescription.memory.dao.ZyyjCourseDao.selectById - ==>  Preparing: SELECT course_id,parent_id,name,tree_code,introduction,photo FROM zyyj_course WHERE course_id=? 
2020-05-29 17:06:53.665 [http-nio-8080-exec-8] DEBUG c.prescription.memory.dao.ZyyjCourseDao.selectById - ==> Parameters: 1(Integer)
2020-05-29 17:06:53.667 [http-nio-8080-exec-8] DEBUG c.prescription.memory.dao.ZyyjCourseDao.selectById - <==      Total: 1
2020-05-29 17:06:53.668 [http-nio-8080-exec-8] DEBUG c.prescription.memory.dao.ZyyjCourseDao.selectById - ==>  Preparing: SELECT course_id,parent_id,name,tree_code,introduction,photo FROM zyyj_course WHERE course_id=? 
2020-05-29 17:06:53.668 [http-nio-8080-exec-8] DEBUG c.prescription.memory.dao.ZyyjCourseDao.selectById - ==> Parameters: 1(Integer)
2020-05-29 17:06:53.670 [http-nio-8080-exec-8] DEBUG c.prescription.memory.dao.ZyyjCourseDao.selectById - <==      Total: 1
2020-05-29 17:06:53.671 [http-nio-8080-exec-8] DEBUG c.prescription.memory.dao.ZyyjCourseDao.selectById - ==>  Preparing: SELECT course_id,parent_id,name,tree_code,introduction,photo FROM zyyj_course WHERE course_id=? 
2020-05-29 17:06:53.671 [http-nio-8080-exec-8] DEBUG c.prescription.memory.dao.ZyyjCourseDao.selectById - ==> Parameters: 1(Integer)
2020-05-29 17:06:53.672 [http-nio-8080-exec-8] DEBUG c.prescription.memory.dao.ZyyjCourseDao.selectById - <==      Total: 1
2020-05-29 17:06:53.673 [http-nio-8080-exec-8] DEBUG c.prescription.memory.dao.ZyyjCourseDao.selectById - ==>  Preparing: SELECT course_id,parent_id,name,tree_code,introduction,photo FROM zyyj_course WHERE course_id=? 
2020-05-29 17:06:53.675 [http-nio-8080-exec-8] DEBUG c.prescription.memory.dao.ZyyjCourseDao.selectById - ==> Parameters: 1(Integer)
2020-05-29 17:06:53.675 [http-nio-8080-exec-8] DEBUG c.prescription.memory.dao.ZyyjCourseDao.selectById - <==      Total: 1
2020-05-29 17:06:53.676 [http-nio-8080-exec-8] DEBUG c.prescription.memory.dao.ZyyjCourseDao.selectById - ==>  Preparing: SELECT course_id,parent_id,name,tree_code,introduction,photo FROM zyyj_course WHERE course_id=? 
2020-05-29 17:06:53.677 [http-nio-8080-exec-8] DEBUG c.prescription.memory.dao.ZyyjCourseDao.selectById - ==> Parameters: 1(Integer)
2020-05-29 17:06:53.678 [http-nio-8080-exec-8] DEBUG c.prescription.memory.dao.ZyyjCourseDao.selectById - <==      Total: 1
2020-05-29 17:06:53.681 [http-nio-8080-exec-8] DEBUG c.prescription.memory.dao.ZyyjCourseDao.selectById - ==>  Preparing: SELECT course_id,parent_id,name,tree_code,introduction,photo FROM zyyj_course WHERE course_id=? 
2020-05-29 17:06:53.681 [http-nio-8080-exec-8] DEBUG c.prescription.memory.dao.ZyyjCourseDao.selectById - ==> Parameters: 1(Integer)
2020-05-29 17:06:53.702 [http-nio-8080-exec-8] DEBUG c.prescription.memory.dao.ZyyjCourseDao.selectById - <==      Total: 1
2020-05-29 17:07:18.713 [http-nio-8080-exec-8] DEBUG c.prescription.memory.dao.ZyyjCourseDao.selectList - ==>  Preparing: SELECT course_id,parent_id,name,tree_code,introduction,photo FROM zyyj_course 
2020-05-29 17:07:18.714 [http-nio-8080-exec-8] DEBUG c.prescription.memory.dao.ZyyjCourseDao.selectList - ==> Parameters: 
2020-05-29 17:07:18.716 [http-nio-8080-exec-8] DEBUG c.prescription.memory.dao.ZyyjCourseDao.selectList - <==      Total: 22
